\BOOKMARK [0][-]{chapter*.2}{\376\377\000A\000c\000k\000n\000o\000w\000l\000e\000d\000g\000e\000m\000e\000n\000t\000s}{}% 1
\BOOKMARK [0][-]{chapter*.3}{\376\377\000P\000r\000e\000f\000a\000c\000e}{}% 2
\BOOKMARK [-1][-]{part.1}{\376\377\000I\000\040\000F\000o\000u\000n\000d\000a\000t\000i\000o\000n\000s}{}% 3
\BOOKMARK [0][-]{chapter.1}{\376\377\000I\000n\000t\000r\000o\000d\000u\000c\000t\000i\000o\000n\000\040\000a\000n\000d\000\040\000P\000r\000o\000j\000e\000c\000t\000\040\000C\000o\000n\000t\000e\000x\000t}{part.1}% 4
\BOOKMARK [1][-]{section.1.1}{\376\377\000T\000h\000e\000\040\0003\0000\0000\000,\0000\0000\0000\000\040\000S\000t\000r\000e\000e\000t\000s\000\040\000I\000n\000i\000t\000i\000a\000t\000i\000v\000e}{chapter.1}% 5
\BOOKMARK [1][-]{section.1.2}{\376\377\000S\000t\000u\000d\000y\000\040\000S\000c\000o\000p\000e\000\040\000a\000n\000d\000\040\000S\000c\000h\000o\000o\000l\000\040\000S\000e\000l\000e\000c\000t\000i\000o\000n}{chapter.1}% 6
\BOOKMARK [1][-]{section.1.3}{\376\377\000T\000h\000e\000\040\000S\000e\000v\000e\000n\000\040\000D\000e\000l\000i\000v\000e\000r\000a\000b\000l\000e\000s}{chapter.1}% 7
\BOOKMARK [1][-]{section.1.4}{\376\377\000H\000o\000w\000\040\000t\000o\000\040\000U\000s\000e\000\040\000T\000h\000i\000s\000\040\000B\000o\000o\000k}{chapter.1}% 8
\BOOKMARK [1][-]{section.1.5}{\376\377\000P\000r\000o\000j\000e\000c\000t\000\040\000H\000i\000s\000t\000o\000r\000y\000\040\000a\000n\000d\000\040\000T\000i\000m\000e\000l\000i\000n\000e}{chapter.1}% 9
\BOOKMARK [1][-]{section.1.6}{\376\377\000A\000\040\000N\000o\000t\000e\000\040\000o\000n\000\040\000R\000e\000p\000r\000o\000d\000u\000c\000i\000b\000i\000l\000i\000t\000y}{chapter.1}% 10
\BOOKMARK [0][-]{chapter.2}{\376\377\000T\000h\000e\000\040\000H\000e\000a\000l\000t\000h\000y\000\040\000S\000t\000r\000e\000e\000t\000s\000\040\000F\000r\000a\000m\000e\000w\000o\000r\000k}{part.1}% 11
\BOOKMARK [1][-]{section.2.1}{\376\377\000O\000r\000i\000g\000i\000n\000s\000\040\000a\000n\000d\000\040\000P\000u\000r\000p\000o\000s\000e}{chapter.2}% 12
\BOOKMARK [1][-]{section.2.2}{\376\377\000T\000h\000e\000\040\000T\000e\000n\000\040\000I\000n\000d\000i\000c\000a\000t\000o\000r\000s}{chapter.2}% 13
\BOOKMARK [1][-]{section.2.3}{\376\377\000S\000c\000o\000r\000i\000n\000g\000\040\000E\000a\000c\000h\000\040\000I\000n\000d\000i\000c\000a\000t\000o\000r\000:\000\040\0000\000\040\000t\000o\000\040\0001\0000}{chapter.2}% 14
\BOOKMARK [1][-]{section.2.4}{\376\377\000S\000e\000v\000e\000r\000i\000t\000y\000\040\000C\000l\000a\000s\000s\000i\000f\000i\000c\000a\000t\000i\000o\000n}{chapter.2}% 15
\BOOKMARK [1][-]{section.2.5}{\376\377\000A\000d\000a\000p\000t\000i\000n\000g\000\040\000t\000h\000e\000\040\000F\000r\000a\000m\000e\000w\000o\000r\000k\000\040\000f\000o\000r\000\040\000S\000e\000c\000o\000n\000d\000a\000r\000y\000\040\000S\000c\000h\000o\000o\000l\000s}{chapter.2}% 16
\BOOKMARK [1][-]{section.2.6}{\376\377\000T\000h\000e\000\040\000C\000y\000c\000l\000i\000n\000g\000\040\000I\000n\000f\000r\000a\000s\000t\000r\000u\000c\000t\000u\000r\000e\000\040\000S\000c\000o\000r\000e\000\040\000\050\000C\000I\000S\000\051}{chapter.2}% 17
\BOOKMARK [1][-]{section.2.7}{\376\377\000W\000h\000y\000\040\000T\000e\000n\000\040\000I\000n\000d\000i\000c\000a\000t\000o\000r\000s\000?}{chapter.2}% 18
\BOOKMARK [0][-]{chapter.3}{\376\377\000D\000e\000v\000e\000l\000o\000p\000m\000e\000n\000t\000\040\000E\000n\000v\000i\000r\000o\000n\000m\000e\000n\000t\000\040\000S\000e\000t\000u\000p}{part.1}% 19
\BOOKMARK [1][-]{section.3.1}{\376\377\000P\000r\000e\000r\000e\000q\000u\000i\000s\000i\000t\000e\000s}{chapter.3}% 20
\BOOKMARK [1][-]{section.3.2}{\376\377\000C\000l\000o\000n\000i\000n\000g\000\040\000t\000h\000e\000\040\000R\000e\000p\000o\000s\000i\000t\000o\000r\000y}{chapter.3}% 21
\BOOKMARK [1][-]{section.3.3}{\376\377\000C\000r\000e\000a\000t\000i\000n\000g\000\040\000t\000h\000e\000\040\000C\000o\000n\000d\000a\000\040\000E\000n\000v\000i\000r\000o\000n\000m\000e\000n\000t}{chapter.3}% 22
\BOOKMARK [1][-]{section.3.4}{\376\377\000I\000n\000s\000t\000a\000l\000l\000i\000n\000g\000\040\000P\000y\000t\000h\000o\000n\000\040\000D\000e\000p\000e\000n\000d\000e\000n\000c\000i\000e\000s}{chapter.3}% 23
\BOOKMARK [1][-]{section.3.5}{\376\377\000F\000u\000l\000l\000\040\000R\000e\000q\000u\000i\000r\000e\000m\000e\000n\000t\000s\000\040\000R\000e\000f\000e\000r\000e\000n\000c\000e}{chapter.3}% 24
\BOOKMARK [1][-]{section.3.6}{\376\377\000V\000e\000r\000i\000f\000y\000i\000n\000g\000\040\000t\000h\000e\000\040\000I\000n\000s\000t\000a\000l\000l\000a\000t\000i\000o\000n}{chapter.3}% 25
\BOOKMARK [1][-]{section.3.7}{\376\377\000S\000e\000t\000t\000i\000n\000g\000\040\000U\000p\000\040\000t\000h\000e\000\040\000O\000u\000t\000p\000u\000t\000s\000\040\000D\000i\000r\000e\000c\000t\000o\000r\000y}{chapter.3}% 26
\BOOKMARK [1][-]{section.3.8}{\376\377\000C\000o\000o\000r\000d\000i\000n\000a\000t\000e\000\040\000R\000e\000f\000e\000r\000e\000n\000c\000e\000\040\000S\000y\000s\000t\000e\000m\000s}{chapter.3}% 27
\BOOKMARK [1][-]{section.3.9}{\376\377\000R\000u\000n\000n\000i\000n\000g\000\040\000t\000h\000e\000\040\000P\000i\000p\000e\000l\000i\000n\000e\000\040\000f\000o\000r\000\040\000t\000h\000e\000\040\000F\000i\000r\000s\000t\000\040\000T\000i\000m\000e}{chapter.3}% 28
\BOOKMARK [0][-]{chapter.4}{\376\377\000R\000e\000p\000o\000s\000i\000t\000o\000r\000y\000\040\000S\000t\000r\000u\000c\000t\000u\000r\000e\000\040\000a\000n\000d\000\040\000A\000r\000c\000h\000i\000t\000e\000c\000t\000u\000r\000e}{part.1}% 29
\BOOKMARK [1][-]{section.4.1}{\376\377\000D\000i\000r\000e\000c\000t\000o\000r\000y\000\040\000T\000r\000e\000e}{chapter.4}% 30
\BOOKMARK [1][-]{section.4.2}{\376\377\000T\000h\000e\000\040\000c\000o\000n\000f\000i\000g\000.\000p\000y\000\040\000M\000o\000d\000u\000l\000e}{chapter.4}% 31
\BOOKMARK [1][-]{section.4.3}{\376\377\000D\000a\000t\000a\000\040\000F\000l\000o\000w\000\040\000A\000r\000c\000h\000i\000t\000e\000c\000t\000u\000r\000e}{chapter.4}% 32
\BOOKMARK [1][-]{section.4.4}{\376\377\000T\000h\000e\000\040\000S\000i\000x\000-\000S\000t\000e\000p\000\040\000M\000a\000i\000n\000\040\000P\000i\000p\000e\000l\000i\000n\000e}{chapter.4}% 33
\BOOKMARK [1][-]{section.4.5}{\376\377\000T\000h\000e\000\040\000s\000r\000c\000/\000\040\000P\000a\000c\000k\000a\000g\000e\000\040\000S\000t\000r\000u\000c\000t\000u\000r\000e}{chapter.4}% 34
\BOOKMARK [2][-]{subsection.4.5.1}{\376\377\000s\000r\000c\000/\000d\000a\000t\000a\000/\000l\000o\000a\000d\000e\000r\000.\000p\000y}{section.4.5}% 35
\BOOKMARK [2][-]{subsection.4.5.2}{\376\377\000s\000r\000c\000/\000s\000c\000o\000r\000i\000n\000g\000/}{section.4.5}% 36
\BOOKMARK [2][-]{subsection.4.5.3}{\376\377\000s\000r\000c\000/\000r\000e\000c\000o\000m\000m\000e\000n\000d\000a\000t\000i\000o\000n\000s\000/\000e\000n\000g\000i\000n\000e\000.\000p\000y}{section.4.5}% 37
\BOOKMARK [2][-]{subsection.4.5.4}{\376\377\000s\000r\000c\000/\000v\000i\000s\000u\000a\000l\000i\000s\000a\000t\000i\000o\000n\000/}{section.4.5}% 38
\BOOKMARK [2][-]{subsection.4.5.5}{\376\377\000s\000r\000c\000/\000s\000c\000e\000n\000a\000r\000i\000o\000s\000/}{section.4.5}% 39
\BOOKMARK [1][-]{section.4.6}{\376\377\000N\000a\000m\000i\000n\000g\000\040\000C\000o\000n\000v\000e\000n\000t\000i\000o\000n\000s}{chapter.4}% 40
\BOOKMARK [1][-]{section.4.7}{\376\377\000G\000i\000t\000\040\000W\000o\000r\000k\000f\000l\000o\000w\000\040\000a\000n\000d\000\040\000B\000r\000a\000n\000c\000h\000\040\000S\000t\000r\000a\000t\000e\000g\000y}{chapter.4}% 41
\BOOKMARK [1][-]{section.4.8}{\376\377\000S\000u\000m\000m\000a\000r\000y\000:\000\040\000W\000h\000a\000t\000\040\000t\000o\000\040\000E\000x\000p\000e\000c\000t\000\040\000A\000f\000t\000e\000r\000\040\000a\000\040\000F\000u\000l\000l\000\040\000P\000i\000p\000e\000l\000i\000n\000e\000\040\000R\000u\000n}{chapter.4}% 42
\BOOKMARK [0][-]{chapter.5}{\376\377\000S\000t\000u\000d\000y\000\040\000A\000r\000e\000a\000\040\000a\000n\000d\000\040\000S\000c\000h\000o\000o\000l\000\040\000S\000e\000l\000e\000c\000t\000i\000o\000n}{part.1}% 43
\BOOKMARK [1][-]{section.5.1}{\376\377\000T\000h\000e\000\040\000C\000i\000t\000y\000\040\000o\000f\000\040\000D\000a\000r\000e\000b\000i\000n}{chapter.5}% 44
\BOOKMARK [1][-]{section.5.2}{\376\377\000T\000h\000e\000\040\000T\000h\000r\000e\000e\000\040\000S\000c\000h\000o\000o\000l\000s}{chapter.5}% 45
\BOOKMARK [1][-]{section.5.3}{\376\377\000S\000c\000h\000o\000o\000l\000\040\000S\000e\000l\000e\000c\000t\000i\000o\000n\000\040\000C\000r\000i\000t\000e\000r\000i\000a}{chapter.5}% 46
\BOOKMARK [1][-]{section.5.4}{\376\377\000S\000o\000c\000i\000o\000e\000c\000o\000n\000o\000m\000i\000c\000\040\000C\000o\000n\000t\000e\000x\000t\000:\000\040\000S\000E\000I\000F\000A\000\040\000I\000R\000S\000D}{chapter.5}% 47
\BOOKMARK [1][-]{section.5.5}{\376\377\000C\000a\000t\000c\000h\000m\000e\000n\000t\000\040\000D\000e\000f\000i\000n\000i\000t\000i\000o\000n}{chapter.5}% 48
\BOOKMARK [0][-]{chapter.6}{\376\377\000F\000i\000e\000l\000d\000\040\000S\000u\000r\000v\000e\000y\000\040\000M\000e\000t\000h\000o\000d\000o\000l\000o\000g\000y}{part.1}% 49
\BOOKMARK [1][-]{section.6.1}{\376\377\000W\000h\000y\000\040\000a\000\040\000P\000r\000i\000m\000a\000r\000y\000\040\000S\000u\000r\000v\000e\000y\000?}{chapter.6}% 50
\BOOKMARK [1][-]{section.6.2}{\376\377\000T\000h\000e\000\040\000G\000o\000o\000g\000l\000e\000\040\000F\000o\000r\000m\000s\000\040\000I\000n\000s\000t\000r\000u\000m\000e\000n\000t}{chapter.6}% 51
\BOOKMARK [1][-]{section.6.3}{\376\377\000C\000o\000l\000u\000m\000n\000\040\000R\000e\000n\000a\000m\000e\000\040\000R\000e\000f\000e\000r\000e\000n\000c\000e}{chapter.6}% 52
\BOOKMARK [1][-]{section.6.4}{\376\377\000S\000i\000t\000e\000\040\000V\000i\000s\000i\000t\000\040\000P\000r\000o\000t\000o\000c\000o\000l}{chapter.6}% 53
\BOOKMARK [1][-]{section.6.5}{\376\377\000T\000h\000e\000\040\000D\000a\000t\000a\000\040\000L\000o\000a\000d\000e\000r\000:\000\040\000s\000r\000c\000/\000d\000a\000t\000a\000/\000l\000o\000a\000d\000e\000r\000.\000p\000y}{chapter.6}% 54
\BOOKMARK [0][-]{chapter.7}{\376\377\000O\000S\000M\000\040\000D\000a\000t\000a\000\040\000w\000i\000t\000h\000\040\000o\000s\000m\000n\000x}{part.1}% 55
\BOOKMARK [1][-]{section.7.1}{\376\377\000O\000p\000e\000n\000S\000t\000r\000e\000e\000t\000M\000a\000p\000\040\000a\000s\000\040\000I\000n\000f\000r\000a\000s\000t\000r\000u\000c\000t\000u\000r\000e\000\040\000D\000a\000t\000a}{chapter.7}% 56
\BOOKMARK [1][-]{section.7.2}{\376\377\000T\000h\000e\000\040\000o\000s\000m\000n\000x\000\040\000L\000i\000b\000r\000a\000r\000y}{chapter.7}% 57
\BOOKMARK [1][-]{section.7.3}{\376\377\000C\000R\000S\000\040\000a\000n\000d\000\040\000P\000r\000o\000j\000e\000c\000t\000i\000o\000n}{chapter.7}% 58
\BOOKMARK [1][-]{section.7.4}{\376\377\000B\000u\000f\000f\000e\000r\000\040\000S\000t\000r\000a\000t\000e\000g\000y}{chapter.7}% 59
\BOOKMARK [1][-]{section.7.5}{\376\377\000W\000a\000l\000k\000i\000n\000g\000\040\000N\000e\000t\000w\000o\000r\000k\000\040\000F\000e\000a\000t\000u\000r\000e\000s}{chapter.7}% 60
\BOOKMARK [1][-]{section.7.6}{\376\377\000R\000o\000a\000d\000\040\000N\000e\000t\000w\000o\000r\000k\000\040\000F\000e\000a\000t\000u\000r\000e\000s}{chapter.7}% 61
\BOOKMARK [1][-]{section.7.7}{\376\377\000C\000r\000o\000s\000s\000i\000n\000g\000s\000\040\000a\000n\000d\000\040\000S\000i\000g\000n\000a\000l\000s}{chapter.7}% 62
\BOOKMARK [1][-]{section.7.8}{\376\377\000H\000e\000a\000l\000t\000h\000y\000\040\000S\000t\000r\000e\000e\000t\000s\000\040\000E\000x\000t\000r\000a\000s\000\040\000a\000t\000\040\0004\0000\0000\000\040\000m}{chapter.7}% 63
\BOOKMARK [1][-]{section.7.9}{\376\377\000C\000y\000c\000l\000i\000n\000g\000\040\000N\000e\000t\000w\000o\000r\000k\000\040\000F\000e\000a\000t\000u\000r\000e\000s}{chapter.7}% 64
\BOOKMARK [1][-]{section.7.10}{\376\377\000G\000e\000o\000P\000a\000c\000k\000a\000g\000e\000\040\000E\000x\000p\000o\000r\000t}{chapter.7}% 65
\BOOKMARK [1][-]{section.7.11}{\376\377\000F\000u\000l\000l\000\040\000F\000e\000a\000t\000u\000r\000e\000\040\000I\000n\000v\000e\000n\000t\000o\000r\000y}{chapter.7}% 66
\BOOKMARK [0][-]{chapter.8}{\376\377\000G\000o\000v\000e\000r\000n\000m\000e\000n\000t\000\040\000O\000p\000e\000n\000\040\000D\000a\000t\000a\000s\000e\000t\000s}{part.1}% 67
\BOOKMARK [1][-]{section.8.1}{\376\377\000O\000v\000e\000r\000v\000i\000e\000w}{chapter.8}% 68
\BOOKMARK [1][-]{section.8.2}{\376\377\000V\000i\000c\000R\000o\000a\000d\000s\000\040\000C\000r\000a\000s\000h\000\040\000D\000a\000t\000a}{chapter.8}% 69
\BOOKMARK [2][-]{subsection.8.2.1}{\376\377\000S\000o\000u\000r\000c\000e\000\040\000a\000n\000d\000\040\000D\000o\000w\000n\000l\000o\000a\000d}{section.8.2}% 70
\BOOKMARK [2][-]{subsection.8.2.2}{\376\377\000K\000e\000y\000\040\000C\000o\000l\000u\000m\000n\000s}{section.8.2}% 71
\BOOKMARK [2][-]{subsection.8.2.3}{\376\377\000S\000c\000h\000o\000o\000l\000\040\000H\000o\000u\000r\000s\000\040\000F\000i\000l\000t\000e\000r}{section.8.2}% 72
\BOOKMARK [2][-]{subsection.8.2.4}{\376\377\000C\000r\000a\000s\000h\000\040\000T\000r\000e\000n\000d\000\040\000A\000n\000a\000l\000y\000s\000i\000s}{section.8.2}% 73
\BOOKMARK [1][-]{section.8.3}{\376\377\000A\000B\000S\000\040\000S\000E\000I\000F\000A\000\040\0002\0000\0002\0001\000\040\000I\000R\000S\000D}{chapter.8}% 74
\BOOKMARK [2][-]{subsection.8.3.1}{\376\377\000S\000o\000u\000r\000c\000e\000\040\000a\000n\000d\000\040\000D\000o\000w\000n\000l\000o\000a\000d}{section.8.3}% 75
\BOOKMARK [2][-]{subsection.8.3.2}{\376\377\000s\000e\000i\000f\000a\000\137\000d\000a\000r\000e\000b\000i\000n\000.\000c\000s\000v\000\040\000S\000t\000r\000u\000c\000t\000u\000r\000e}{section.8.3}% 76
\BOOKMARK [2][-]{subsection.8.3.3}{\376\377\000E\000q\000u\000i\000t\000y\000\040\000A\000n\000a\000l\000y\000s\000i\000s}{section.8.3}% 77
\BOOKMARK [1][-]{section.8.4}{\376\377\000E\000P\000A\000\040\000A\000i\000r\000W\000a\000t\000c\000h\000\040\000P\000M\0002\000.\0005}{chapter.8}% 78
\BOOKMARK [2][-]{subsection.8.4.1}{\376\377\000S\000o\000u\000r\000c\000e}{section.8.4}% 79
\BOOKMARK [2][-]{subsection.8.4.2}{\376\377\000P\000r\000e\000p\000r\000o\000c\000e\000s\000s\000i\000n\000g}{section.8.4}% 80
\BOOKMARK [1][-]{section.8.5}{\376\377\000C\000r\000i\000m\000e\000\040\000S\000t\000a\000t\000i\000s\000t\000i\000c\000s\000\040\000V\000i\000c\000t\000o\000r\000i\000a}{chapter.8}% 81
\BOOKMARK [2][-]{subsection.8.5.1}{\376\377\000S\000o\000u\000r\000c\000e}{section.8.5}% 82
\BOOKMARK [2][-]{subsection.8.5.2}{\376\377\000P\000r\000e\000p\000r\000o\000c\000e\000s\000s\000i\000n\000g}{section.8.5}% 83
\BOOKMARK [2][-]{subsection.8.5.3}{\376\377\000U\000s\000a\000g\000e\000\040\000i\000n\000\040\000t\000h\000e\000\040\000M\000L\000\040\000M\000o\000d\000e\000l}{section.8.5}% 84
\BOOKMARK [1][-]{section.8.6}{\376\377\000J\000o\000i\000n\000i\000n\000g\000\040\000A\000l\000l\000\040\000D\000a\000t\000a\000\040\000S\000o\000u\000r\000c\000e\000s}{chapter.8}% 85
\BOOKMARK [0][-]{chapter.9}{\376\377\000T\000h\000e\000\040\000H\000e\000a\000l\000t\000h\000y\000\040\000S\000t\000r\000e\000e\000t\000s\000\040\000S\000c\000o\000r\000i\000n\000g\000\040\000E\000n\000g\000i\000n\000e}{part.1}% 86
\BOOKMARK [1][-]{section.9.1}{\376\377\000A\000r\000c\000h\000i\000t\000e\000c\000t\000u\000r\000e\000\040\000o\000f\000\040\000s\000r\000c\000/\000s\000c\000o\000r\000i\000n\000g\000/}{chapter.9}% 87
\BOOKMARK [1][-]{section.9.2}{\376\377\000H\000o\000w\000\040\000m\000a\000i\000n\000.\000p\000y\000\040\000C\000a\000l\000l\000s\000\040\000t\000h\000e\000\040\000E\000n\000g\000i\000n\000e}{chapter.9}% 88
\BOOKMARK [1][-]{section.9.3}{\376\377\000H\000S\0001\000\040\040\024\000\040\000P\000e\000d\000e\000s\000t\000r\000i\000a\000n\000s\000\040\000f\000r\000o\000m\000\040\000A\000l\000l\000\040\000W\000a\000l\000k\000s\000\040\000o\000f\000\040\000L\000i\000f\000e}{chapter.9}% 89
\BOOKMARK [1][-]{section.9.4}{\376\377\000H\000S\0002\000\040\040\024\000\040\000E\000a\000s\000y\000\040\000t\000o\000\040\000C\000r\000o\000s\000s}{chapter.9}% 90
\BOOKMARK [1][-]{section.9.5}{\376\377\000H\000S\0003\000\040\040\024\000\040\000S\000h\000a\000d\000e\000\040\000a\000n\000d\000\040\000S\000h\000e\000l\000t\000e\000r\000\040\000\050\000S\000p\000a\000t\000i\000a\000l\000\040\000I\000n\000d\000i\000c\000a\000t\000o\000r\000\051}{chapter.9}% 91
\BOOKMARK [1][-]{section.9.6}{\376\377\000H\000S\0005\000\040\040\024\000\040\000N\000o\000t\000\040\000T\000o\000o\000\040\000N\000o\000i\000s\000y\000\040\000\050\000D\000e\000d\000u\000c\000t\000i\000v\000e\000\040\000P\000a\000t\000t\000e\000r\000n\000\051}{chapter.9}% 92
\BOOKMARK [1][-]{section.9.7}{\376\377\000A\000l\000l\000\040\000T\000e\000n\000\040\000I\000n\000d\000i\000c\000a\000t\000o\000r\000s\000\040\000a\000t\000\040\000a\000\040\000G\000l\000a\000n\000c\000e}{chapter.9}% 93
\BOOKMARK [0][-]{chapter.10}{\376\377\000S\000e\000v\000e\000r\000i\000t\000y\000\040\000C\000l\000a\000s\000s\000i\000f\000i\000c\000a\000t\000i\000o\000n\000\040\000a\000n\000d\000\040\000R\000e\000c\000o\000m\000m\000e\000n\000d\000a\000t\000i\000o\000n\000s}{part.1}% 94
\BOOKMARK [1][-]{section.10.1}{\376\377\000T\000h\000e\000\040\000S\000e\000v\000e\000r\000i\000t\000y\000\040\000M\000o\000d\000e\000l}{chapter.10}% 95
\BOOKMARK [1][-]{section.10.2}{\376\377\000T\000h\000e\000\040\000R\000e\000c\000o\000m\000m\000e\000n\000d\000a\000t\000i\000o\000n\000\040\000R\000u\000l\000e\000s\000:\000\040\000s\000r\000c\000/\000r\000e\000c\000o\000m\000m\000e\000n\000d\000a\000t\000i\000o\000n\000s\000/\000r\000u\000l\000e\000s\000.\000p\000y}{chapter.10}% 96
\BOOKMARK [1][-]{section.10.3}{\376\377\000T\000h\000e\000\040\000R\000e\000c\000o\000m\000m\000e\000n\000d\000a\000t\000i\000o\000n\000\040\000E\000n\000g\000i\000n\000e\000:\000\040\000r\000u\000n\000\137\000r\000e\000c\000o\000m\000m\000e\000n\000d\000a\000t\000i\000o\000n\000s\000\050\000\051}{chapter.10}% 97
\BOOKMARK [1][-]{section.10.4}{\376\377\000R\000e\000c\000o\000m\000m\000e\000n\000d\000a\000t\000i\000o\000n\000s\000\040\000C\000S\000V\000\040\000S\000t\000r\000u\000c\000t\000u\000r\000e}{chapter.10}% 98
\BOOKMARK [0][-]{chapter.11}{\376\377\000M\000a\000c\000h\000i\000n\000e\000\040\000L\000e\000a\000r\000n\000i\000n\000g\000:\000\040\000F\000e\000a\000t\000u\000r\000e\000\040\000E\000n\000g\000i\000n\000e\000e\000r\000i\000n\000g\000\040\000a\000n\000d\000\040\000R\000i\000d\000g\000e\000\040\000R\000e\000g\000r\000e\000s\000s\000i\000o\000n}{part.1}% 99
\BOOKMARK [1][-]{section.11.1}{\376\377\000P\000u\000r\000p\000o\000s\000e\000\040\000a\000n\000d\000\040\000C\000o\000n\000t\000e\000x\000t}{chapter.11}% 100
\BOOKMARK [1][-]{section.11.2}{\376\377\000F\000e\000a\000t\000u\000r\000e\000\040\000E\000n\000g\000i\000n\000e\000e\000r\000i\000n\000g\000:\000\040\000f\000e\000a\000t\000u\000r\000e\000\137\000e\000n\000g\000i\000n\000e\000e\000r\000i\000n\000g\000.\000p\000y}{chapter.11}% 101
\BOOKMARK [2][-]{subsection.11.2.1}{\376\377\000T\000h\000e\000\040\0002\0006\000-\000F\000e\000a\000t\000u\000r\000e\000\040\000M\000a\000t\000r\000i\000x}{section.11.2}% 102
\BOOKMARK [2][-]{subsection.11.2.2}{\376\377\000D\000a\000t\000a\000\040\000J\000o\000i\000n\000i\000n\000g\000\040\000C\000o\000d\000e}{section.11.2}% 103
\BOOKMARK [1][-]{section.11.3}{\376\377\000T\000h\000e\000\040\000R\000i\000d\000g\000e\000\040\000R\000e\000g\000r\000e\000s\000s\000i\000o\000n\000\040\000M\000o\000d\000e\000l\000:\000\040\000m\000l\000\137\000m\000o\000d\000e\000l\000.\000p\000y}{chapter.11}% 104
\BOOKMARK [2][-]{subsection.11.3.1}{\376\377\000W\000h\000y\000\040\000R\000i\000d\000g\000e\000\040\000R\000e\000g\000r\000e\000s\000s\000i\000o\000n\000?}{section.11.3}% 105
\BOOKMARK [2][-]{subsection.11.3.2}{\376\377\000P\000i\000p\000e\000l\000i\000n\000e\000\040\000S\000t\000r\000u\000c\000t\000u\000r\000e}{section.11.3}% 106
\BOOKMARK [2][-]{subsection.11.3.3}{\376\377\000L\000e\000a\000v\000e\000-\000O\000n\000e\000-\000O\000u\000t\000\040\000C\000r\000o\000s\000s\000-\000V\000a\000l\000i\000d\000a\000t\000i\000o\000n}{section.11.3}% 107
\BOOKMARK [2][-]{subsection.11.3.4}{\376\377\000F\000u\000l\000l\000-\000D\000a\000t\000a\000\040\000M\000o\000d\000e\000l\000\040\000a\000n\000d\000\040\000S\000e\000r\000i\000a\000l\000i\000s\000a\000t\000i\000o\000n}{section.11.3}% 108
\BOOKMARK [2][-]{subsection.11.3.5}{\376\377\000T\000h\000r\000e\000e\000\040\000O\000u\000t\000p\000u\000t\000\040\000C\000h\000a\000r\000t\000s}{section.11.3}% 109
\BOOKMARK [0][-]{chapter.12}{\376\377\000S\000c\000e\000n\000a\000r\000i\000o\000\040\000A\000n\000a\000l\000y\000s\000i\000s}{part.1}% 110
\BOOKMARK [1][-]{section.12.1}{\376\377\000W\000h\000a\000t\000\040\000S\000c\000e\000n\000a\000r\000i\000o\000\040\000A\000n\000a\000l\000y\000s\000i\000s\000\040\000D\000o\000e\000s}{chapter.12}% 111
\BOOKMARK [1][-]{section.12.2}{\376\377\000I\000n\000t\000e\000r\000v\000e\000n\000t\000i\000o\000n\000\040\000T\000e\000m\000p\000l\000a\000t\000e\000s\000:\000\040\000s\000r\000c\000/\000s\000c\000e\000n\000a\000r\000i\000o\000s\000/\000i\000n\000t\000e\000r\000v\000e\000n\000t\000i\000o\000n\000s\000.\000p\000y}{chapter.12}% 112
\BOOKMARK [1][-]{section.12.3}{\376\377\000T\000h\000e\000\040\000S\000c\000e\000n\000a\000r\000i\000o\000\040\000A\000n\000a\000l\000y\000s\000e\000r\000\040\000C\000L\000I}{chapter.12}% 113
\BOOKMARK [2][-]{subsection.12.3.1}{\376\377\000O\000u\000t\000p\000u\000t\000\040\000C\000h\000a\000r\000t}{section.12.3}% 114
\BOOKMARK [2][-]{subsection.12.3.2}{\376\377\000R\000a\000n\000k\000-\000A\000l\000l\000\040\000M\000o\000d\000e}{section.12.3}% 115
\BOOKMARK [1][-]{section.12.4}{\376\377\000E\000n\000d\000-\000t\000o\000-\000E\000n\000d\000\040\000S\000c\000e\000n\000a\000r\000i\000o\000\040\000W\000o\000r\000k\000f\000l\000o\000w}{chapter.12}% 116
\BOOKMARK [-1][-]{part.2}{\376\377\000I\000I\000\040\000A\000n\000a\000l\000y\000s\000i\000s\000,\000\040\000E\000q\000u\000i\000t\000y\000,\000\040\000a\000n\000d\000\040\000D\000a\000s\000h\000b\000o\000a\000r\000d\000\040\000D\000e\000p\000l\000o\000y\000m\000e\000n\000t}{}% 117
\BOOKMARK [0][-]{chapter.13}{\376\377\000C\000r\000a\000s\000h\000\040\000T\000r\000e\000n\000d\000\040\000A\000n\000a\000l\000y\000s\000i\000s}{part.2}% 118
\BOOKMARK [1][-]{section.13.1}{\376\377\000W\000h\000y\000\040\000C\000r\000a\000s\000h\000\040\000D\000a\000t\000a\000\040\000M\000a\000t\000t\000e\000r\000s}{chapter.13}% 119
\BOOKMARK [1][-]{section.13.2}{\376\377\000L\000o\000a\000d\000i\000n\000g\000\040\000a\000n\000d\000\040\000F\000i\000l\000t\000e\000r\000i\000n\000g}{chapter.13}% 120
\BOOKMARK [2][-]{subsection.13.2.1}{\376\377\000S\000e\000v\000e\000r\000i\000t\000y\000\040\000L\000a\000b\000e\000l\000l\000i\000n\000g}{section.13.2}% 121
\BOOKMARK [2][-]{subsection.13.2.2}{\376\377\000S\000c\000h\000o\000o\000l\000\040\000H\000o\000u\000r\000s\000\040\000F\000i\000l\000t\000e\000r}{section.13.2}% 122
\BOOKMARK [1][-]{section.13.3}{\376\377\000F\000o\000u\000r\000-\000P\000a\000n\000e\000l\000\040\000C\000h\000a\000r\000t}{chapter.13}% 123
\BOOKMARK [2][-]{subsection.13.3.1}{\376\377\000P\000a\000n\000e\000l\000\040\0001\000\040\040\024\000\040\000D\000a\000r\000e\000b\000i\000n\000\040\000L\000G\000A\000\040\000C\000r\000a\000s\000h\000e\000s\000\040\000b\000y\000\040\000Y\000e\000a\000r}{section.13.3}% 124
\BOOKMARK [2][-]{subsection.13.3.2}{\376\377\000P\000a\000n\000e\000l\000\040\0002\000\040\040\024\000\040\000O\000u\000r\000\040\000T\000h\000r\000e\000e\000\040\000S\000c\000h\000o\000o\000l\000s\000\040\000b\000y\000\040\000Y\000e\000a\000r}{section.13.3}% 125
\BOOKMARK [2][-]{subsection.13.3.3}{\376\377\000P\000a\000n\000e\000l\000\040\0003\000\040\040\024\000\040\000S\000c\000h\000o\000o\000l\000\040\000H\000o\000u\000r\000s\000\040\000v\000s\000\040\000O\000f\000f\000-\000P\000e\000a\000k}{section.13.3}% 126
\BOOKMARK [2][-]{subsection.13.3.4}{\376\377\000P\000a\000n\000e\000l\000\040\0004\000\040\040\024\000\040\000T\000i\000m\000e\000-\000o\000f\000-\000D\000a\000y\000\040\000D\000i\000s\000t\000r\000i\000b\000u\000t\000i\000o\000n}{section.13.3}% 127
\BOOKMARK [1][-]{section.13.4}{\376\377\000K\000e\000y\000\040\000F\000i\000n\000d\000i\000n\000g\000s\000\040\000F\000u\000n\000c\000t\000i\000o\000n}{chapter.13}% 128
\BOOKMARK [1][-]{section.13.5}{\376\377\000I\000n\000t\000e\000g\000r\000a\000t\000i\000o\000n\000\040\000w\000i\000t\000h\000\040\000r\000u\000n\000\137\000a\000l\000l\000.\000p\000y}{chapter.13}% 129
\BOOKMARK [0][-]{chapter.14}{\376\377\000E\000q\000u\000i\000t\000y\000\040\000A\000n\000a\000l\000y\000s\000i\000s}{part.2}% 130
\BOOKMARK [1][-]{section.14.1}{\376\377\000T\000h\000e\000\040\000E\000q\000u\000i\000t\000y\000\040\000H\000y\000p\000o\000t\000h\000e\000s\000i\000s}{chapter.14}% 131
\BOOKMARK [1][-]{section.14.2}{\376\377\000S\000E\000I\000F\000A\000\040\000D\000a\000t\000a\000\040\000P\000i\000p\000e\000l\000i\000n\000e}{chapter.14}% 132
\BOOKMARK [1][-]{section.14.3}{\376\377\000D\000a\000t\000a\000\040\000J\000o\000i\000n}{chapter.14}% 133
\BOOKMARK [1][-]{section.14.4}{\376\377\000T\000h\000r\000e\000e\000-\000P\000a\000n\000e\000l\000\040\000C\000h\000a\000r\000t}{chapter.14}% 134
\BOOKMARK [2][-]{subsection.14.4.1}{\376\377\000P\000a\000n\000e\000l\000\040\0001\000\040\040\024\000\040\000S\000i\000d\000e\000-\000b\000y\000-\000S\000i\000d\000e\000\040\000B\000a\000r\000s}{section.14.4}% 135
\BOOKMARK [2][-]{subsection.14.4.2}{\376\377\000P\000a\000n\000e\000l\000\040\0002\000\040\040\024\000\040\000S\000c\000a\000t\000t\000e\000r\000\040\000P\000l\000o\000t\000\040\000w\000i\000t\000h\000\040\000Q\000u\000a\000d\000r\000a\000n\000t\000\040\000S\000h\000a\000d\000i\000n\000g}{section.14.4}% 136
\BOOKMARK [2][-]{subsection.14.4.3}{\376\377\000P\000a\000n\000e\000l\000\040\0003\000\040\040\024\000\040\000I\000n\000d\000i\000c\000a\000t\000o\000r\000\040\000H\000e\000a\000t\000m\000a\000p}{section.14.4}% 137
\BOOKMARK [1][-]{section.14.5}{\376\377\000P\000e\000a\000r\000s\000o\000n\000\040\000C\000o\000r\000r\000e\000l\000a\000t\000i\000o\000n\000\040\000a\000n\000d\000\040\000P\000o\000l\000i\000c\000y\000\040\000I\000n\000t\000e\000r\000p\000r\000e\000t\000a\000t\000i\000o\000n}{chapter.14}% 138
\BOOKMARK [1][-]{section.14.6}{\376\377\000R\000u\000n\000n\000i\000n\000g\000\040\000t\000h\000e\000\040\000E\000q\000u\000i\000t\000y\000\040\000A\000n\000a\000l\000y\000s\000i\000s}{chapter.14}% 139
\BOOKMARK [0][-]{chapter.15}{\376\377\000D\000a\000s\000h\000b\000o\000a\000r\000d\000\040\000a\000n\000d\000\040\000D\000e\000p\000l\000o\000y\000m\000e\000n\000t\000\040\000P\000i\000p\000e\000l\000i\000n\000e}{part.2}% 140
\BOOKMARK [1][-]{section.15.1}{\376\377\000A\000r\000c\000h\000i\000t\000e\000c\000t\000u\000r\000e\000\040\000O\000v\000e\000r\000v\000i\000e\000w}{chapter.15}% 141
\BOOKMARK [1][-]{section.15.2}{\376\377\000p\000r\000e\000p\000a\000r\000e\000\137\000d\000a\000t\000a\000.\000p\000y\000\040\040\024\000\040\000T\000h\000e\000\040\000D\000a\000t\000a\000\040\000B\000u\000i\000l\000d\000e\000r}{chapter.15}% 142
\BOOKMARK [2][-]{subsection.15.2.1}{\376\377\000R\000e\000q\000u\000i\000r\000e\000d\000\040\000I\000n\000p\000u\000t\000s}{section.15.2}% 143
\BOOKMARK [2][-]{subsection.15.2.2}{\376\377\000b\000u\000i\000l\000d\000\137\000s\000c\000h\000o\000o\000l\000s\000\050\000\051}{section.15.2}% 144
\BOOKMARK [2][-]{subsection.15.2.3}{\376\377\000b\000u\000i\000l\000d\000\137\000s\000c\000e\000n\000a\000r\000i\000o\000s\000\050\000\051}{section.15.2}% 145
\BOOKMARK [2][-]{subsection.15.2.4}{\376\377\000M\000a\000p\000\040\000L\000a\000y\000e\000r\000\040\000B\000u\000i\000l\000d\000e\000r\000s}{section.15.2}% 146
\BOOKMARK [2][-]{subsection.15.2.5}{\376\377\000C\000h\000a\000r\000t\000\040\000C\000o\000p\000y\000i\000n\000g}{section.15.2}% 147
\BOOKMARK [2][-]{subsection.15.2.6}{\376\377\000F\000i\000n\000a\000l\000\040\000d\000a\000t\000a\000.\000j\000s\000o\000n\000\040\000S\000t\000r\000u\000c\000t\000u\000r\000e}{section.15.2}% 148
\BOOKMARK [1][-]{section.15.3}{\376\377\000D\000a\000s\000h\000b\000o\000a\000r\000d\000\040\000S\000e\000c\000t\000i\000o\000n\000s}{chapter.15}% 149
\BOOKMARK [2][-]{subsection.15.3.1}{\376\377\000H\000e\000r\000o\000\040\000B\000a\000n\000n\000e\000r}{section.15.3}% 150
\BOOKMARK [2][-]{subsection.15.3.2}{\376\377\000I\000n\000t\000e\000r\000a\000c\000t\000i\000v\000e\000\040\000M\000a\000p}{section.15.3}% 151
\BOOKMARK [2][-]{subsection.15.3.3}{\376\377\000S\000c\000h\000o\000o\000l\000\040\000T\000a\000b\000s\000\040\000a\000n\000d\000\040\000R\000a\000d\000a\000r\000\040\000C\000h\000a\000r\000t\000s}{section.15.3}% 152
\BOOKMARK [2][-]{subsection.15.3.4}{\376\377\000S\000c\000e\000n\000a\000r\000i\000o\000\040\000E\000x\000p\000l\000o\000r\000e\000r}{section.15.3}% 153
\BOOKMARK [2][-]{subsection.15.3.5}{\376\377\000A\000n\000a\000l\000y\000s\000i\000s\000\040\000S\000e\000c\000t\000i\000o\000n}{section.15.3}% 154
\BOOKMARK [2][-]{subsection.15.3.6}{\376\377\000R\000e\000c\000o\000m\000m\000e\000n\000d\000a\000t\000i\000o\000n\000s\000\040\000P\000a\000n\000e\000l}{section.15.3}% 155
\BOOKMARK [1][-]{section.15.4}{\376\377\000r\000u\000n\000\137\000a\000l\000l\000.\000p\000y\000\040\040\024\000\040\000T\000h\000e\000\040\000M\000a\000s\000t\000e\000r\000\040\000P\000i\000p\000e\000l\000i\000n\000e\000\040\000R\000u\000n\000n\000e\000r}{chapter.15}% 156
\BOOKMARK [2][-]{subsection.15.4.1}{\376\377\000S\000k\000i\000p\000-\000i\000f\000-\000E\000x\000i\000s\000t\000s\000\040\000L\000o\000g\000i\000c}{section.15.4}% 157
\BOOKMARK [2][-]{subsection.15.4.2}{\376\377\000P\000i\000p\000e\000l\000i\000n\000e\000\040\000S\000t\000e\000p\000s\000\040\000S\000u\000m\000m\000a\000r\000y}{section.15.4}% 158
\BOOKMARK [2][-]{subsection.15.4.3}{\376\377\000F\000l\000a\000g\000s}{section.15.4}% 159
\BOOKMARK [1][-]{section.15.5}{\376\377\000G\000i\000t\000H\000u\000b\000\040\000P\000a\000g\000e\000s\000\040\000D\000e\000p\000l\000o\000y\000m\000e\000n\000t}{chapter.15}% 160
\BOOKMARK [-1][-]{part.3}{\376\377\000I\000I\000I\000\040\000D\000a\000t\000a\000\040\000I\000n\000g\000e\000s\000t\000i\000o\000n\000,\000\040\000E\000n\000v\000i\000r\000o\000n\000m\000e\000n\000t\000a\000l\000\040\000F\000e\000a\000t\000u\000r\000e\000s\000,\000\040\000a\000n\000d\000\040\000C\000o\000r\000e\000\040\000P\000i\000p\000e\000l\000i\000n\000e}{}% 161
\BOOKMARK [0][-]{chapter.16}{\376\377\000C\000r\000a\000s\000h\000\040\000D\000a\000t\000a\000\040\000D\000o\000w\000n\000l\000o\000a\000d\000\040\000a\000n\000d\000\040\000S\000p\000a\000t\000i\000a\000l\000\040\000J\000o\000i\000n}{part.3}% 162
\BOOKMARK [1][-]{section.16.1}{\376\377\000O\000v\000e\000r\000v\000i\000e\000w}{chapter.16}% 163
\BOOKMARK [1][-]{section.16.2}{\376\377\000V\000i\000c\000R\000o\000a\000d\000s\000\040\000O\000p\000e\000n\000\040\000D\000a\000t\000a\000\040\000S\000c\000h\000e\000m\000a}{chapter.16}% 164
\BOOKMARK [1][-]{section.16.3}{\376\377\000D\000o\000w\000n\000l\000o\000a\000d\000i\000n\000g\000\040\000t\000h\000e\000\040\000T\000h\000r\000e\000e\000\040\000T\000a\000b\000l\000e\000s}{chapter.16}% 165
\BOOKMARK [1][-]{section.16.4}{\376\377\000T\000a\000b\000l\000e\000\040\000J\000o\000i\000n\000\040\000a\000n\000d\000\040\000D\000a\000t\000e\000\040\000F\000i\000l\000t\000e\000r}{chapter.16}% 166
\BOOKMARK [1][-]{section.16.5}{\376\377\000P\000e\000d\000e\000s\000t\000r\000i\000a\000n\000\040\000a\000n\000d\000\040\000C\000y\000c\000l\000i\000s\000t\000\040\000F\000i\000l\000t\000e\000r}{chapter.16}% 167
\BOOKMARK [1][-]{section.16.6}{\376\377\000S\000c\000h\000o\000o\000l\000\040\000G\000a\000t\000e\000\040\000L\000o\000o\000k\000u\000p}{chapter.16}% 168
\BOOKMARK [1][-]{section.16.7}{\376\377\000V\000e\000c\000t\000o\000r\000i\000s\000e\000d\000\040\000H\000a\000v\000e\000r\000s\000i\000n\000e\000\040\000D\000i\000s\000t\000a\000n\000c\000e}{chapter.16}% 169
\BOOKMARK [1][-]{section.16.8}{\376\377\000R\000u\000n\000n\000i\000n\000g\000\040\000c\000r\000a\000s\000h\000\137\000a\000n\000a\000l\000y\000s\000i\000s\000.\000p\000y}{chapter.16}% 170
\BOOKMARK [0][-]{chapter.17}{\376\377\000E\000n\000v\000i\000r\000o\000n\000m\000e\000n\000t\000a\000l\000\040\000F\000e\000a\000t\000u\000r\000e\000s\000:\000\040\000A\000Q\000I\000\040\000a\000n\000d\000\040\000C\000r\000i\000m\000e}{part.3}% 171
\BOOKMARK [1][-]{section.17.1}{\376\377\000W\000h\000y\000\040\000E\000n\000v\000i\000r\000o\000n\000m\000e\000n\000t\000a\000l\000\040\000D\000a\000t\000a}{chapter.17}% 172
\BOOKMARK [1][-]{section.17.2}{\376\377\000M\000o\000d\000u\000l\000e\000\040\000A\000r\000c\000h\000i\000t\000e\000c\000t\000u\000r\000e}{chapter.17}% 173
\BOOKMARK [1][-]{section.17.3}{\376\377\000E\000P\000A\000\040\000A\000i\000r\000W\000a\000t\000c\000h\000\040\040\024\000\040\000T\000h\000r\000e\000e\000-\000T\000i\000e\000r\000\040\000F\000a\000l\000l\000b\000a\000c\000k}{chapter.17}% 174
\BOOKMARK [2][-]{subsection.17.3.1}{\376\377\000A\000Q\000I\000\040\000t\000o\000\040\000H\000S\0001\0000\000\040\000S\000c\000o\000r\000e\000\040\000C\000o\000n\000v\000e\000r\000s\000i\000o\000n}{section.17.3}% 175
\BOOKMARK [1][-]{section.17.4}{\376\377\000C\000r\000i\000m\000e\000\040\000S\000t\000a\000t\000i\000s\000t\000i\000c\000s\000\040\000A\000g\000e\000n\000c\000y\000\040\040\024\000\040\000S\000i\000n\000g\000l\000e\000-\000A\000t\000t\000e\000m\000p\000t\000\040\000D\000o\000w\000n\000l\000o\000a\000d}{chapter.17}% 176
\BOOKMARK [2][-]{subsection.17.4.1}{\376\377\000C\000r\000i\000m\000e\000\040\000R\000a\000t\000e\000\040\000t\000o\000\040\000H\000S\0007\000\040\000S\000c\000o\000r\000e\000\040\000C\000o\000n\000t\000r\000i\000b\000u\000t\000i\000o\000n}{section.17.4}% 177
\BOOKMARK [1][-]{section.17.5}{\376\377\000S\000c\000h\000o\000o\000l\040\023\000S\000u\000b\000u\000r\000b\000\040\000M\000a\000p\000p\000i\000n\000g}{chapter.17}% 178
\BOOKMARK [1][-]{section.17.6}{\376\377\000O\000u\000t\000p\000u\000t\000\040\000C\000S\000V\000\040\000S\000t\000r\000u\000c\000t\000u\000r\000e}{chapter.17}% 179
\BOOKMARK [0][-]{chapter.18}{\376\377\000C\000o\000r\000e\000\040\000P\000i\000p\000e\000l\000i\000n\000e\000\040\000O\000r\000c\000h\000e\000s\000t\000r\000a\000t\000i\000o\000n}{part.3}% 180
\BOOKMARK [1][-]{section.18.1}{\376\377\000R\000o\000l\000e\000\040\000o\000f\000\040\000m\000a\000i\000n\000.\000p\000y}{chapter.18}% 181
\BOOKMARK [1][-]{section.18.2}{\376\377\000D\000a\000t\000a\000\040\000L\000o\000a\000d\000i\000n\000g\000\040\000H\000i\000e\000r\000a\000r\000c\000h\000y}{chapter.18}% 182
\BOOKMARK [1][-]{section.18.3}{\376\377\000H\000S\000\040\000S\000c\000o\000r\000i\000n\000g\000\040\000L\000o\000o\000p}{chapter.18}% 183
\BOOKMARK [1][-]{section.18.4}{\376\377\000C\000h\000a\000r\000t\000\040\000G\000e\000n\000e\000r\000a\000t\000i\000o\000n}{chapter.18}% 184
\BOOKMARK [2][-]{subsection.18.4.1}{\376\377\000C\000h\000a\000r\000t\000\040\0001\000\040\040\024\000\040\000R\000a\000d\000a\000r\000\040\000C\000h\000a\000r\000t}{section.18.4}% 185
\BOOKMARK [2][-]{subsection.18.4.2}{\376\377\000C\000h\000a\000r\000t\000\040\0002\000\040\040\024\000\040\0001\0000\000-\000I\000n\000d\000i\000c\000a\000t\000o\000r\000\040\000G\000r\000i\000d}{section.18.4}% 186
\BOOKMARK [2][-]{subsection.18.4.3}{\376\377\000C\000h\000a\000r\000t\000\040\0003\000\040\040\024\000\040\000P\000e\000r\000-\000S\000c\000h\000o\000o\000l\000\040\000B\000r\000e\000a\000k\000d\000o\000w\000n}{section.18.4}% 187
\BOOKMARK [1][-]{section.18.5}{\376\377\000V\000i\000s\000u\000a\000l\000i\000s\000a\000t\000i\000o\000n\000\040\000M\000o\000d\000u\000l\000e}{chapter.18}% 188
\BOOKMARK [2][-]{subsection.18.5.1}{\376\377\000I\000n\000t\000e\000r\000a\000c\000t\000i\000v\000e\000\040\000M\000a\000p}{section.18.5}% 189
\BOOKMARK [2][-]{subsection.18.5.2}{\376\377\000K\000D\000E\000\040\000H\000e\000a\000t\000m\000a\000p}{section.18.5}% 190
\BOOKMARK [1][-]{section.18.6}{\376\377\000G\000r\000a\000c\000e\000f\000u\000l\000\040\000D\000e\000g\000r\000a\000d\000a\000t\000i\000o\000n\000\040\000P\000a\000t\000t\000e\000r\000n}{chapter.18}% 191
\BOOKMARK [1][-]{section.18.7}{\376\377\000E\000x\000p\000e\000c\000t\000e\000d\000\040\000O\000u\000t\000p\000u\000t\000s}{chapter.18}% 192
\BOOKMARK [-1][-]{part.4}{\376\377\000I\000V\000\040\000F\000e\000a\000t\000u\000r\000e\000\040\000E\000n\000g\000i\000n\000e\000e\000r\000i\000n\000g\000,\000\040\000S\000o\000c\000i\000o\000-\000e\000c\000o\000n\000o\000m\000i\000c\000\040\000A\000n\000a\000l\000y\000s\000i\000s\000,\000\040\000a\000n\000d\000\040\000D\000e\000m\000o\000g\000r\000a\000p\000h\000i\000c\000s}{}% 193
\BOOKMARK [0][-]{chapter.19}{\376\377\000F\000e\000a\000t\000u\000r\000e\000\040\000E\000n\000g\000i\000n\000e\000e\000r\000i\000n\000g\000\040\000f\000o\000r\000\040\000M\000a\000c\000h\000i\000n\000e\000\040\000L\000e\000a\000r\000n\000i\000n\000g}{part.4}% 194
\BOOKMARK [1][-]{section.19.1}{\376\377\000P\000u\000r\000p\000o\000s\000e}{chapter.19}% 195
\BOOKMARK [1][-]{section.19.2}{\376\377\000F\000e\000a\000t\000u\000r\000e\000\040\000G\000r\000o\000u\000p\000s}{chapter.19}% 196
\BOOKMARK [2][-]{subsection.19.2.1}{\376\377\000S\000p\000a\000t\000i\000a\000l\000\040\000F\000e\000a\000t\000u\000r\000e\000s\000\040\000\050\000O\000S\000M\000\051}{section.19.2}% 197
\BOOKMARK [2][-]{subsection.19.2.2}{\376\377\000E\000n\000v\000i\000r\000o\000n\000m\000e\000n\000t\000a\000l\000\040\000F\000e\000a\000t\000u\000r\000e\000s}{section.19.2}% 198
\BOOKMARK [2][-]{subsection.19.2.3}{\376\377\000C\000r\000a\000s\000h\000\040\000S\000t\000a\000t\000i\000s\000t\000i\000c\000s}{section.19.2}% 199
\BOOKMARK [1][-]{section.19.3}{\376\377\000S\000p\000e\000e\000d\000-\000Z\000o\000n\000e\000\040\000S\000e\000n\000t\000i\000n\000e\000l\000\040\000C\000o\000d\000e\000s}{chapter.19}% 200
\BOOKMARK [1][-]{section.19.4}{\376\377\000S\000c\000h\000o\000o\000l\000-\000H\000o\000u\000r\000s\000\040\000C\000r\000a\000s\000h\000\040\000F\000r\000a\000c\000t\000i\000o\000n}{chapter.19}% 201
\BOOKMARK [1][-]{section.19.5}{\376\377\000F\000o\000u\000r\000-\000W\000a\000y\000\040\000J\000o\000i\000n}{chapter.19}% 202
\BOOKMARK [1][-]{section.19.6}{\376\377\000C\000o\000l\000u\000m\000n\000\040\000O\000r\000d\000e\000r\000\040\000C\000o\000n\000v\000e\000n\000t\000i\000o\000n}{chapter.19}% 203
\BOOKMARK [1][-]{section.19.7}{\376\377\000C\000o\000n\000s\000o\000l\000e\000\040\000S\000u\000m\000m\000a\000r\000y}{chapter.19}% 204
\BOOKMARK [0][-]{chapter.20}{\376\377\000S\000E\000I\000F\000A\000\040\000D\000i\000s\000a\000d\000v\000a\000n\000t\000a\000g\000e\000\040\000A\000n\000a\000l\000y\000s\000i\000s}{part.4}% 205
\BOOKMARK [1][-]{section.20.1}{\376\377\000P\000u\000r\000p\000o\000s\000e}{chapter.20}% 206
\BOOKMARK [1][-]{section.20.2}{\376\377\000A\000B\000S\000\040\000D\000o\000w\000n\000l\000o\000a\000d\000\040\000a\000n\000d\000\040\000D\000y\000n\000a\000m\000i\000c\000\040\000C\000o\000l\000u\000m\000n\000\040\000D\000i\000s\000c\000o\000v\000e\000r\000y}{chapter.20}% 207
\BOOKMARK [1][-]{section.20.3}{\376\377\000D\000a\000r\000e\000b\000i\000n\000\040\000F\000i\000l\000t\000e\000r\000i\000n\000g}{chapter.20}% 208
\BOOKMARK [1][-]{section.20.4}{\376\377\000C\000u\000r\000a\000t\000e\000d\000\040\000F\000a\000l\000l\000b\000a\000c\000k\000\040\000D\000a\000t\000a}{chapter.20}% 209
\BOOKMARK [1][-]{section.20.5}{\376\377\000P\000o\000p\000u\000l\000a\000t\000i\000o\000n\000-\000W\000e\000i\000g\000h\000t\000e\000d\000\040\000C\000a\000t\000c\000h\000m\000e\000n\000t\000\040\000A\000v\000e\000r\000a\000g\000e}{chapter.20}% 210
\BOOKMARK [1][-]{section.20.6}{\376\377\000D\000i\000s\000a\000d\000v\000a\000n\000t\000a\000g\000e\000\040\000L\000a\000b\000e\000l\000s}{chapter.20}% 211
\BOOKMARK [1][-]{section.20.7}{\376\377\000S\000c\000h\000o\000o\000l\000\040\000G\000a\000t\000e\000\040\000C\000o\000o\000r\000d\000i\000n\000a\000t\000e\000s}{chapter.20}% 212
\BOOKMARK [1][-]{section.20.8}{\376\377\000K\000e\000y\000\040\000F\000i\000n\000d\000i\000n\000g}{chapter.20}% 213
\BOOKMARK [0][-]{chapter.21}{\376\377\000A\000B\000S\000\040\000D\000e\000m\000o\000g\000r\000a\000p\000h\000i\000c\000s\000\040\000C\000h\000a\000r\000t}{part.4}% 214
\BOOKMARK [1][-]{section.21.1}{\376\377\000P\000u\000r\000p\000o\000s\000e}{chapter.21}% 215
\BOOKMARK [1][-]{section.21.2}{\376\377\000S\000c\000r\000i\000p\000t\000\040\000S\000t\000r\000u\000c\000t\000u\000r\000e}{chapter.21}% 216
\BOOKMARK [1][-]{section.21.3}{\376\377\000T\000h\000e\000\040\000F\000o\000u\000r\000\040\000P\000a\000n\000e\000l\000s}{chapter.21}% 217
\BOOKMARK [1][-]{section.21.4}{\376\377\000S\000c\000h\000o\000o\000l\000-\000A\000g\000e\000\040\000C\000h\000i\000l\000d\000r\000e\000n\000\040\000E\000s\000t\000i\000m\000a\000t\000e}{chapter.21}% 218
\BOOKMARK [1][-]{section.21.5}{\376\377\000C\000o\000n\000n\000e\000c\000t\000i\000o\000n\000\040\000t\000o\000\040\000t\000h\000e\000\040\000E\000q\000u\000i\000t\000y\000\040\000A\000r\000g\000u\000m\000e\000n\000t}{chapter.21}% 219
\BOOKMARK [1][-]{section.21.6}{\376\377\000P\000i\000p\000e\000l\000i\000n\000e\000\040\000P\000o\000s\000i\000t\000i\000o\000n}{chapter.21}% 220
\BOOKMARK [-1][-]{part.5}{\376\377\000V\000\040\000S\000y\000n\000t\000h\000e\000s\000i\000s\000,\000\040\000E\000x\000t\000e\000n\000s\000i\000o\000n\000s\000,\000\040\000a\000n\000d\000\040\000C\000o\000n\000c\000l\000u\000s\000i\000o\000n\000s}{}% 221
\BOOKMARK [0][-]{chapter.22}{\376\377\000P\000i\000l\000o\000t\000\040\000S\000t\000u\000d\000y\000\040\000R\000e\000s\000u\000l\000t\000s\000\040\000a\000n\000d\000\040\000P\000o\000l\000i\000c\000y\000\040\000I\000m\000p\000l\000i\000c\000a\000t\000i\000o\000n\000s}{part.5}% 222
\BOOKMARK [1][-]{section.22.1}{\376\377\000O\000v\000e\000r\000v\000i\000e\000w}{chapter.22}% 223
\BOOKMARK [1][-]{section.22.2}{\376\377\000S\000c\000h\000o\000o\000l\000-\000b\000y\000-\000S\000c\000h\000o\000o\000l\000\040\000A\000n\000a\000l\000y\000s\000i\000s}{chapter.22}% 224
\BOOKMARK [2][-]{subsection.22.2.1}{\376\377\000R\000e\000s\000e\000r\000v\000o\000i\000r\000\040\000H\000i\000g\000h\000\040\000S\000c\000h\000o\000o\000l\000\040\040\024\000\040\000O\000v\000e\000r\000a\000l\000l\000\040\0004\000.\0006\000\040\000/\000\040\0001\0000\000\040\040\024\000\040\000M\000a\000j\000o\000r}{section.22.2}% 225
\BOOKMARK [2][-]{subsection.22.2.2}{\376\377\000W\000i\000l\000l\000i\000a\000m\000\040\000R\000u\000t\000h\000v\000e\000n\000\040\000S\000e\000c\000o\000n\000d\000a\000r\000y\000\040\000C\000o\000l\000l\000e\000g\000e\000\040\040\024\000\040\000O\000v\000e\000r\000a\000l\000l\000\040\0005\000.\0006\000\040\000/\000\040\0001\0000\000\040\040\024\000\040\000M\000o\000d\000e\000r\000a\000t\000e}{section.22.2}% 226
\BOOKMARK [2][-]{subsection.22.2.3}{\376\377\000P\000r\000e\000s\000t\000o\000n\000\040\000H\000i\000g\000h\000\040\000S\000c\000h\000o\000o\000l\000\040\040\024\000\040\000O\000v\000e\000r\000a\000l\000l\000\040\0006\000.\0003\000\040\000/\000\040\0001\0000\000\040\040\024\000\040\000M\000o\000d\000e\000r\000a\000t\000e}{section.22.2}% 227
\BOOKMARK [1][-]{section.22.3}{\376\377\000T\000h\000e\000\040\000E\000q\000u\000i\000t\000y\000\040\000F\000i\000n\000d\000i\000n\000g}{chapter.22}% 228
\BOOKMARK [1][-]{section.22.4}{\376\377\000T\000o\000p\000\040\000R\000e\000c\000o\000m\000m\000e\000n\000d\000a\000t\000i\000o\000n\000s\000\040\000b\000y\000\040\000S\000c\000h\000o\000o\000l}{chapter.22}% 229
\BOOKMARK [1][-]{section.22.5}{\376\377\000I\000m\000p\000l\000i\000c\000a\000t\000i\000o\000n\000s\000\040\000f\000o\000r\000\040\000t\000h\000e\000\040\0003\0000\0000\000,\0000\0000\0000\000\040\000S\000t\000r\000e\000e\000t\000s\000\040\000I\000n\000i\000t\000i\000a\000t\000i\000v\000e}{chapter.22}% 230
\BOOKMARK [0][-]{chapter.23}{\376\377\000E\000x\000t\000e\000n\000d\000i\000n\000g\000\040\000t\000h\000e\000\040\000P\000i\000p\000e\000l\000i\000n\000e\000\040\000t\000o\000\040\000N\000e\000w\000\040\000S\000c\000h\000o\000o\000l\000s\000\040\000a\000n\000d\000\040\000L\000G\000A\000s}{part.5}% 231
\BOOKMARK [1][-]{section.23.1}{\376\377\000D\000e\000s\000i\000g\000n\000\040\000f\000o\000r\000\040\000R\000e\000u\000s\000e}{chapter.23}% 232
\BOOKMARK [1][-]{section.23.2}{\376\377\000F\000i\000v\000e\000-\000S\000t\000e\000p\000\040\000C\000h\000e\000c\000k\000l\000i\000s\000t\000\040\000f\000o\000r\000\040\000a\000\040\000N\000e\000w\000\040\000S\000c\000h\000o\000o\000l}{chapter.23}% 233
\BOOKMARK [1][-]{section.23.3}{\376\377\000c\000o\000n\000f\000i\000g\000.\000p\000y\000\040\000a\000s\000\040\000t\000h\000e\000\040\000S\000i\000n\000g\000l\000e\000\040\000S\000o\000u\000r\000c\000e\000\040\000o\000f\000\040\000T\000r\000u\000t\000h}{chapter.23}% 234
\BOOKMARK [1][-]{section.23.4}{\376\377\000S\000c\000a\000l\000i\000n\000g\000\040\000t\000o\000\040\000a\000\040\000F\000u\000l\000l\000\040\000L\000G\000A}{chapter.23}% 235
\BOOKMARK [1][-]{section.23.5}{\376\377\000C\000o\000m\000m\000o\000n\000\040\000E\000r\000r\000o\000r\000s\000\040\000a\000n\000d\000\040\000S\000o\000l\000u\000t\000i\000o\000n\000s}{chapter.23}% 236
\BOOKMARK [0][-]{chapter.24}{\376\377\000A\000r\000c\000h\000i\000t\000e\000c\000t\000u\000r\000e\000,\000\040\000L\000i\000m\000i\000t\000a\000t\000i\000o\000n\000s\000,\000\040\000a\000n\000d\000\040\000L\000e\000s\000s\000o\000n\000s\000\040\000L\000e\000a\000r\000n\000e\000d}{part.5}% 237
\BOOKMARK [1][-]{section.24.1}{\376\377\000W\000h\000a\000t\000\040\000t\000h\000e\000\040\000A\000r\000c\000h\000i\000t\000e\000c\000t\000u\000r\000e\000\040\000G\000o\000t\000\040\000R\000i\000g\000h\000t}{chapter.24}% 238
\BOOKMARK [1][-]{section.24.2}{\376\377\000K\000n\000o\000w\000n\000\040\000L\000i\000m\000i\000t\000a\000t\000i\000o\000n\000s}{chapter.24}% 239
\BOOKMARK [2][-]{subsection.24.2.1}{\376\377\000L\000e\000a\000v\000e\000-\000O\000n\000e\000-\000O\000u\000t\000\040\000C\000r\000o\000s\000s\000-\000V\000a\000l\000i\000d\000a\000t\000i\000o\000n\000\040\000w\000i\000t\000h\000\040\000n\000\040\000=\000\040\0003}{section.24.2}% 240
\BOOKMARK [2][-]{subsection.24.2.2}{\376\377\000O\000S\000M\000\040\000D\000a\000t\000a\000\040\000C\000o\000m\000p\000l\000e\000t\000e\000n\000e\000s\000s}{section.24.2}% 241
\BOOKMARK [2][-]{subsection.24.2.3}{\376\377\000T\000h\000r\000e\000e\000-\000S\000c\000h\000o\000o\000l\000\040\000S\000a\000m\000p\000l\000e\000\040\000a\000n\000d\000\040\000t\000h\000e\000\040\000E\000q\000u\000i\000t\000y\000\040\000C\000o\000r\000r\000e\000l\000a\000t\000i\000o\000n}{section.24.2}% 242
\BOOKMARK [2][-]{subsection.24.2.4}{\376\377\000H\000a\000r\000d\000c\000o\000d\000e\000d\000\040\000F\000a\000l\000l\000b\000a\000c\000k\000\040\000D\000a\000t\000a}{section.24.2}% 243
\BOOKMARK [1][-]{section.24.3}{\376\377\000D\000e\000s\000i\000g\000n\000\040\000D\000e\000c\000i\000s\000i\000o\000n\000s\000\040\000W\000o\000r\000t\000h\000\040\000D\000o\000c\000u\000m\000e\000n\000t\000i\000n\000g}{chapter.24}% 244
\BOOKMARK [1][-]{section.24.4}{\376\377\000F\000u\000t\000u\000r\000e\000\040\000T\000e\000c\000h\000n\000i\000c\000a\000l\000\040\000D\000i\000r\000e\000c\000t\000i\000o\000n\000s}{chapter.24}% 245
\BOOKMARK [0][-]{appendix.A}{\376\377\000C\000o\000m\000p\000l\000e\000t\000e\000\040\000H\000S\000\040\000S\000c\000o\000r\000i\000n\000g\000\040\000F\000o\000r\000m\000u\000l\000a\000\040\000R\000e\000f\000e\000r\000e\000n\000c\000e}{part.5}% 246
\BOOKMARK [0][-]{appendix.B}{\376\377\000R\000e\000c\000o\000m\000m\000e\000n\000d\000a\000t\000i\000o\000n\000\040\000R\000u\000l\000e\000s\000\040\000a\000n\000d\000\040\000I\000n\000t\000e\000r\000v\000e\000n\000t\000i\000o\000n\000\040\000C\000a\000t\000a\000l\000o\000g\000u\000e}{part.5}% 247
\BOOKMARK [0][-]{appendix.C}{\376\377\000P\000i\000p\000e\000l\000i\000n\000e\000\040\000a\000n\000d\000\040\000O\000u\000t\000p\000u\000t\000\040\000Q\000u\000i\000c\000k\000\040\000R\000e\000f\000e\000r\000e\000n\000c\000e}{part.5}% 248
\BOOKMARK [0][-]{appendix*.23}{\376\377\000W\000h\000a\000t\000'\000s\000\040\000N\000e\000x\000t}{part.5}% 249
