This is pdfTeX, Version 3.141592653-2.6-1.40.27 (TeX Live 2025) (preloaded format=pdflatex 2026.1.21)  4 JUN 2026 21:46
entering extended mode
 restricted \write18 enabled.
 %&-line parsing enabled.
**book.tex
(./book.tex
LaTeX2e <2024-11-01> patch level 2
L3 programming layer <2025-01-18>
(/usr/local/texlive/2025/texmf-dist/tex/latex/base/book.cls
Document Class: book 2024/06/29 v1.4n Standard LaTeX document class
(/usr/local/texlive/2025/texmf-dist/tex/latex/base/bk11.clo
File: bk11.clo 2024/06/29 v1.4n Standard LaTeX file (size option)
)
\c@part=\count196
\c@chapter=\count197
\c@section=\count198
\c@subsection=\count199
\c@subsubsection=\count266
\c@paragraph=\count267
\c@subparagraph=\count268
\c@figure=\count269
\c@table=\count270
\abovecaptionskip=\skip49
\belowcaptionskip=\skip50
\bibindent=\dimen141
)
(/usr/local/texlive/2025/texmf-dist/tex/latex/base/fontenc.sty
Package: fontenc 2021/04/29 v2.0v Standard LaTeX package
)
(/usr/local/texlive/2025/texmf-dist/tex/latex/base/inputenc.sty
Package: inputenc 2024/02/08 v1.3d Input encoding file
\inpenc@prehook=\toks17
\inpenc@posthook=\toks18
)
(/usr/local/texlive/2025/texmf-dist/tex/latex/lm/lmodern.sty
Package: lmodern 2015/05/01 v1.6.1 Latin Modern Fonts
LaTeX Font Info:    Overwriting symbol font `operators' in version `normal'
(Font)                  OT1/cmr/m/n --> OT1/lmr/m/n on input line 22.
LaTeX Font Info:    Overwriting symbol font `letters' in version `normal'
(Font)                  OML/cmm/m/it --> OML/lmm/m/it on input line 23.
LaTeX Font Info:    Overwriting symbol font `symbols' in version `normal'
(Font)                  OMS/cmsy/m/n --> OMS/lmsy/m/n on input line 24.
LaTeX Font Info:    Overwriting symbol font `largesymbols' in version `normal'
(Font)                  OMX/cmex/m/n --> OMX/lmex/m/n on input line 25.
LaTeX Font Info:    Overwriting symbol font `operators' in version `bold'
(Font)                  OT1/cmr/bx/n --> OT1/lmr/bx/n on input line 26.
LaTeX Font Info:    Overwriting symbol font `letters' in version `bold'
(Font)                  OML/cmm/b/it --> OML/lmm/b/it on input line 27.
LaTeX Font Info:    Overwriting symbol font `symbols' in version `bold'
(Font)                  OMS/cmsy/b/n --> OMS/lmsy/b/n on input line 28.
LaTeX Font Info:    Overwriting symbol font `largesymbols' in version `bold'
(Font)                  OMX/cmex/m/n --> OMX/lmex/m/n on input line 29.
LaTeX Font Info:    Overwriting math alphabet `\mathbf' in version `normal'
(Font)                  OT1/cmr/bx/n --> OT1/lmr/bx/n on input line 31.
LaTeX Font Info:    Overwriting math alphabet `\mathsf' in version `normal'
(Font)                  OT1/cmss/m/n --> OT1/lmss/m/n on input line 32.
LaTeX Font Info:    Overwriting math alphabet `\mathit' in version `normal'
(Font)                  OT1/cmr/m/it --> OT1/lmr/m/it on input line 33.
LaTeX Font Info:    Overwriting math alphabet `\mathtt' in version `normal'
(Font)                  OT1/cmtt/m/n --> OT1/lmtt/m/n on input line 34.
LaTeX Font Info:    Overwriting math alphabet `\mathbf' in version `bold'
(Font)                  OT1/cmr/bx/n --> OT1/lmr/bx/n on input line 35.
LaTeX Font Info:    Overwriting math alphabet `\mathsf' in version `bold'
(Font)                  OT1/cmss/bx/n --> OT1/lmss/bx/n on input line 36.
LaTeX Font Info:    Overwriting math alphabet `\mathit' in version `bold'
(Font)                  OT1/cmr/bx/it --> OT1/lmr/bx/it on input line 37.
LaTeX Font Info:    Overwriting math alphabet `\mathtt' in version `bold'
(Font)                  OT1/cmtt/m/n --> OT1/lmtt/m/n on input line 38.
)
(/usr/local/texlive/2025/texmf-dist/tex/latex/microtype/microtype.sty
Package: microtype 2025/02/11 v3.2a Micro-typographical refinements (RS)

(/usr/local/texlive/2025/texmf-dist/tex/latex/graphics/keyval.sty
Package: keyval 2022/05/29 v1.15 key=value parser (DPC)
\KV@toks@=\toks19
)
(/usr/local/texlive/2025/texmf-dist/tex/latex/etoolbox/etoolbox.sty
Package: etoolbox 2025/02/11 v2.5l e-TeX tools for LaTeX (JAW)
\etb@tempcnta=\count271
)
\MT@toks=\toks20
\MT@tempbox=\box52
\MT@count=\count272
LaTeX Info: Redefining \noprotrusionifhmode on input line 1087.
LaTeX Info: Redefining \leftprotrusion on input line 1088.
\MT@prot@toks=\toks21
LaTeX Info: Redefining \rightprotrusion on input line 1107.
LaTeX Info: Redefining \textls on input line 1449.
\MT@outer@kern=\dimen142
LaTeX Info: Redefining \microtypecontext on input line 2053.
LaTeX Info: Redefining \textmicrotypecontext on input line 2070.
\MT@listname@count=\count273

(/usr/local/texlive/2025/texmf-dist/tex/latex/microtype/microtype-pdftex.def
File: microtype-pdftex.def 2025/02/11 v3.2a Definitions specific to pdftex (RS)

LaTeX Info: Redefining \lsstyle on input line 944.
LaTeX Info: Redefining \lslig on input line 944.
\MT@outer@space=\skip51
)
Package microtype Info: Loading configuration file microtype.cfg.

(/usr/local/texlive/2025/texmf-dist/tex/latex/microtype/microtype.cfg
File: microtype.cfg 2025/02/11 v3.2a microtype main configuration file (RS)
)
LaTeX Info: Redefining \microtypesetup on input line 3065.
)
(/usr/local/texlive/2025/texmf-dist/tex/latex/geometry/geometry.sty
Package: geometry 2020/01/02 v5.9 Page Geometry

(/usr/local/texlive/2025/texmf-dist/tex/generic/iftex/ifvtex.sty
Package: ifvtex 2019/10/25 v1.7 ifvtex legacy package. Use iftex instead.

(/usr/local/texlive/2025/texmf-dist/tex/generic/iftex/iftex.sty
Package: iftex 2024/12/12 v1.0g TeX engine tests
))
\Gm@cnth=\count274
\Gm@cntv=\count275
\c@Gm@tempcnt=\count276
\Gm@bindingoffset=\dimen143
\Gm@wd@mp=\dimen144
\Gm@odd@mp=\dimen145
\Gm@even@mp=\dimen146
\Gm@layoutwidth=\dimen147
\Gm@layoutheight=\dimen148
\Gm@layouthoffset=\dimen149
\Gm@layoutvoffset=\dimen150
\Gm@dimlist=\toks22
)
(/usr/local/texlive/2025/texmf-dist/tex/latex/xcolor/xcolor.sty
Package: xcolor 2024/09/29 v3.02 LaTeX color extensions (UK)

(/usr/local/texlive/2025/texmf-dist/tex/latex/graphics-cfg/color.cfg
File: color.cfg 2016/01/02 v1.6 sample color configuration
)
Package xcolor Info: Driver file: pdftex.def on input line 274.

(/usr/local/texlive/2025/texmf-dist/tex/latex/graphics-def/pdftex.def
File: pdftex.def 2024/04/13 v1.2c Graphics/color driver for pdftex
)
(/usr/local/texlive/2025/texmf-dist/tex/latex/graphics/mathcolor.ltx)
Package xcolor Info: Model `cmy' substituted by `cmy0' on input line 1349.
Package xcolor Info: Model `hsb' substituted by `rgb' on input line 1353.
Package xcolor Info: Model `RGB' extended on input line 1365.
Package xcolor Info: Model `HTML' substituted by `rgb' on input line 1367.
Package xcolor Info: Model `Hsb' substituted by `hsb' on input line 1368.
Package xcolor Info: Model `tHsb' substituted by `hsb' on input line 1369.
Package xcolor Info: Model `HSB' substituted by `hsb' on input line 1370.
Package xcolor Info: Model `Gray' substituted by `gray' on input line 1371.
Package xcolor Info: Model `wave' substituted by `hsb' on input line 1372.
)
(/usr/local/texlive/2025/texmf-dist/tex/latex/graphics/dvipsnam.def
File: dvipsnam.def 2016/06/17 v3.0m Driver-dependent file (DPC,SPQR)
)
(/usr/local/texlive/2025/texmf-dist/tex/latex/colortbl/colortbl.sty
Package: colortbl 2024/07/06 v1.0i Color table columns (DPC)

(/usr/local/texlive/2025/texmf-dist/tex/latex/tools/array.sty
Package: array 2024/10/17 v2.6g Tabular extension package (FMi)
\col@sep=\dimen151
\ar@mcellbox=\box53
\extrarowheight=\dimen152
\NC@list=\toks23
\extratabsurround=\skip52
\backup@length=\skip53
\ar@cellbox=\box54
)
\everycr=\toks24
\minrowclearance=\skip54
\rownum=\count277
)
(/usr/local/texlive/2025/texmf-dist/tex/latex/fancyhdr/fancyhdr.sty
Package: fancyhdr 2025/02/07 v5.2 Extensive control of page headers and footers

\f@nch@headwidth=\skip55
\f@nch@offset@elh=\skip56
\f@nch@offset@erh=\skip57
\f@nch@offset@olh=\skip58
\f@nch@offset@orh=\skip59
\f@nch@offset@elf=\skip60
\f@nch@offset@erf=\skip61
\f@nch@offset@olf=\skip62
\f@nch@offset@orf=\skip63
\f@nch@height=\skip64
\f@nch@footalignment=\skip65
\f@nch@widthL=\skip66
\f@nch@widthC=\skip67
\f@nch@widthR=\skip68
\@temptokenb=\toks25
)
(/usr/local/texlive/2025/texmf-dist/tex/latex/booktabs/booktabs.sty
Package: booktabs 2020/01/12 v1.61803398 Publication quality tables
\heavyrulewidth=\dimen153
\lightrulewidth=\dimen154
\cmidrulewidth=\dimen155
\belowrulesep=\dimen156
\belowbottomsep=\dimen157
\aboverulesep=\dimen158
\abovetopsep=\dimen159
\cmidrulesep=\dimen160
\cmidrulekern=\dimen161
\defaultaddspace=\dimen162
\@cmidla=\count278
\@cmidlb=\count279
\@aboverulesep=\dimen163
\@belowrulesep=\dimen164
\@thisruleclass=\count280
\@lastruleclass=\count281
\@thisrulewidth=\dimen165
)
(/usr/local/texlive/2025/texmf-dist/tex/latex/tools/longtable.sty
Package: longtable 2024-10-27 v4.22 Multi-page Table package (DPC)
\LTleft=\skip69
\LTright=\skip70
\LTpre=\skip71
\LTpost=\skip72
\LTchunksize=\count282
\LTcapwidth=\dimen166
\LT@head=\box55
\LT@firsthead=\box56
\LT@foot=\box57
\LT@lastfoot=\box58
\LT@gbox=\box59
\LT@cols=\count283
\LT@rows=\count284
\c@LT@tables=\count285
\c@LT@chunks=\count286
\LT@p@ftn=\toks26
)
(/usr/local/texlive/2025/texmf-dist/tex/latex/tools/tabularx.sty
Package: tabularx 2023/12/11 v2.12a `tabularx' package (DPC)
\TX@col@width=\dimen167
\TX@old@table=\dimen168
\TX@old@col=\dimen169
\TX@target=\dimen170
\TX@delta=\dimen171
\TX@cols=\count287
\TX@ftn=\toks27
)
(/usr/local/texlive/2025/texmf-dist/tex/latex/enumitem/enumitem.sty
Package: enumitem 2025/02/06 v3.11 Customized lists
\labelindent=\skip73
\enit@outerparindent=\dimen172
\enit@toks=\toks28
\enit@inbox=\box60
\enit@count@id=\count288
\enitdp@description=\count289
)
(/usr/local/texlive/2025/texmf-dist/tex/latex/amsmath/amsmath.sty
Package: amsmath 2024/11/05 v2.17t AMS math features
\@mathmargin=\skip74

For additional information on amsmath, use the `?' option.
(/usr/local/texlive/2025/texmf-dist/tex/latex/amsmath/amstext.sty
Package: amstext 2021/08/26 v2.01 AMS text

(/usr/local/texlive/2025/texmf-dist/tex/latex/amsmath/amsgen.sty
File: amsgen.sty 1999/11/30 v2.0 generic functions
\@emptytoks=\toks29
\ex@=\dimen173
))
(/usr/local/texlive/2025/texmf-dist/tex/latex/amsmath/amsbsy.sty
Package: amsbsy 1999/11/29 v1.2d Bold Symbols
\pmbraise@=\dimen174
)
(/usr/local/texlive/2025/texmf-dist/tex/latex/amsmath/amsopn.sty
Package: amsopn 2022/04/08 v2.04 operator names
)
\inf@bad=\count290
LaTeX Info: Redefining \frac on input line 233.
\uproot@=\count291
\leftroot@=\count292
LaTeX Info: Redefining \overline on input line 398.
LaTeX Info: Redefining \colon on input line 409.
\classnum@=\count293
\DOTSCASE@=\count294
LaTeX Info: Redefining \ldots on input line 495.
LaTeX Info: Redefining \dots on input line 498.
LaTeX Info: Redefining \cdots on input line 619.
\Mathstrutbox@=\box61
\strutbox@=\box62
LaTeX Info: Redefining \big on input line 721.
LaTeX Info: Redefining \Big on input line 722.
LaTeX Info: Redefining \bigg on input line 723.
LaTeX Info: Redefining \Bigg on input line 724.
\big@size=\dimen175
LaTeX Font Info:    Redeclaring font encoding OML on input line 742.
LaTeX Font Info:    Redeclaring font encoding OMS on input line 743.
\macc@depth=\count295
LaTeX Info: Redefining \bmod on input line 904.
LaTeX Info: Redefining \pmod on input line 909.
LaTeX Info: Redefining \smash on input line 939.
LaTeX Info: Redefining \relbar on input line 969.
LaTeX Info: Redefining \Relbar on input line 970.
\c@MaxMatrixCols=\count296
\dotsspace@=\muskip17
\c@parentequation=\count297
\dspbrk@lvl=\count298
\tag@help=\toks30
\row@=\count299
\column@=\count300
\maxfields@=\count301
\andhelp@=\toks31
\eqnshift@=\dimen176
\alignsep@=\dimen177
\tagshift@=\dimen178
\tagwidth@=\dimen179
\totwidth@=\dimen180
\lineht@=\dimen181
\@envbody=\toks32
\multlinegap=\skip75
\multlinetaggap=\skip76
\mathdisplay@stack=\toks33
LaTeX Info: Redefining \[ on input line 2953.
LaTeX Info: Redefining \] on input line 2954.
)
(/usr/local/texlive/2025/texmf-dist/tex/latex/amsfonts/amssymb.sty
Package: amssymb 2013/01/14 v3.01 AMS font symbols

(/usr/local/texlive/2025/texmf-dist/tex/latex/amsfonts/amsfonts.sty
Package: amsfonts 2013/01/14 v3.01 Basic AMSFonts support
\symAMSa=\mathgroup4
\symAMSb=\mathgroup5
LaTeX Font Info:    Redeclaring math symbol \hbar on input line 98.
LaTeX Font Info:    Overwriting math alphabet `\mathfrak' in version `bold'
(Font)                  U/euf/m/n --> U/euf/b/n on input line 106.
))
(/usr/local/texlive/2025/texmf-dist/tex/latex/listings/listings.sty
\lst@mode=\count302
\lst@gtempboxa=\box63
\lst@token=\toks34
\lst@length=\count303
\lst@currlwidth=\dimen182
\lst@column=\count304
\lst@pos=\count305
\lst@lostspace=\dimen183
\lst@width=\dimen184
\lst@newlines=\count306
\lst@lineno=\count307
\lst@maxwidth=\dimen185

(/usr/local/texlive/2025/texmf-dist/tex/latex/listings/lstpatch.sty
File: lstpatch.sty 2024/09/23 1.10c (Carsten Heinz)
)
(/usr/local/texlive/2025/texmf-dist/tex/latex/listings/lstmisc.sty
File: lstmisc.sty 2024/09/23 1.10c (Carsten Heinz)
\c@lstnumber=\count308
\lst@skipnumbers=\count309
\lst@framebox=\box64
)
(/usr/local/texlive/2025/texmf-dist/tex/latex/listings/listings.cfg
File: listings.cfg 2024/09/23 1.10c listings configuration
))
Package: listings 2024/09/23 1.10c (Carsten Heinz)

(/usr/local/texlive/2025/texmf-dist/tex/latex/listings/lstlang1.sty
File: lstlang1.sty 2024/09/23 1.10c listings language file
)
(/usr/local/texlive/2025/texmf-dist/tex/latex/graphics/graphicx.sty
Package: graphicx 2021/09/16 v1.2d Enhanced LaTeX Graphics (DPC,SPQR)

(/usr/local/texlive/2025/texmf-dist/tex/latex/graphics/graphics.sty
Package: graphics 2024/08/06 v1.4g Standard LaTeX Graphics (DPC,SPQR)

(/usr/local/texlive/2025/texmf-dist/tex/latex/graphics/trig.sty
Package: trig 2023/12/02 v1.11 sin cos tan (DPC)
)
(/usr/local/texlive/2025/texmf-dist/tex/latex/graphics-cfg/graphics.cfg
File: graphics.cfg 2016/06/04 v1.11 sample graphics configuration
)
Package graphics Info: Driver file: pdftex.def on input line 106.
)
\Gin@req@height=\dimen186
\Gin@req@width=\dimen187
)
(/usr/local/texlive/2025/texmf-dist/tex/latex/float/float.sty
Package: float 2001/11/08 v1.3d Float enhancements (AL)
\c@float@type=\count310
\float@exts=\toks35
\float@box=\box65
\@float@everytoks=\toks36
\@floatcapt=\box66
)
(/usr/local/texlive/2025/texmf-dist/tex/latex/caption/caption.sty
Package: caption 2023/08/05 v3.6o Customizing captions (AR)

(/usr/local/texlive/2025/texmf-dist/tex/latex/caption/caption3.sty
Package: caption3 2023/07/31 v2.4d caption3 kernel (AR)
\caption@tempdima=\dimen188
\captionmargin=\dimen189
\caption@leftmargin=\dimen190
\caption@rightmargin=\dimen191
\caption@width=\dimen192
\caption@indent=\dimen193
\caption@parindent=\dimen194
\caption@hangindent=\dimen195
Package caption Info: Standard document class detected.
)
\c@caption@flags=\count311
\c@continuedfloat=\count312
Package caption Info: float package is loaded.
Package caption Info: listings package is loaded.
Package caption Info: longtable package is loaded.

(/usr/local/texlive/2025/texmf-dist/tex/latex/caption/ltcaption.sty
Package: ltcaption 2021/01/08 v1.4c longtable captions (AR)
))
(/usr/local/texlive/2025/texmf-dist/tex/latex/hyperref/hyperref.sty
Package: hyperref 2024-11-05 v7.01l Hypertext links for LaTeX

(/usr/local/texlive/2025/texmf-dist/tex/latex/kvsetkeys/kvsetkeys.sty
Package: kvsetkeys 2022-10-05 v1.19 Key value parser (HO)
)
(/usr/local/texlive/2025/texmf-dist/tex/generic/kvdefinekeys/kvdefinekeys.sty
Package: kvdefinekeys 2019-12-19 v1.6 Define keys (HO)
)
(/usr/local/texlive/2025/texmf-dist/tex/generic/pdfescape/pdfescape.sty
Package: pdfescape 2019/12/09 v1.15 Implements pdfTeX's escape features (HO)

(/usr/local/texlive/2025/texmf-dist/tex/generic/ltxcmds/ltxcmds.sty
Package: ltxcmds 2023-12-04 v1.26 LaTeX kernel commands for general use (HO)
)
(/usr/local/texlive/2025/texmf-dist/tex/generic/pdftexcmds/pdftexcmds.sty
Package: pdftexcmds 2020-06-27 v0.33 Utility functions of pdfTeX for LuaTeX (HO
)

(/usr/local/texlive/2025/texmf-dist/tex/generic/infwarerr/infwarerr.sty
Package: infwarerr 2019/12/03 v1.5 Providing info/warning/error messages (HO)
)
Package pdftexcmds Info: \pdf@primitive is available.
Package pdftexcmds Info: \pdf@ifprimitive is available.
Package pdftexcmds Info: \pdfdraftmode found.
))
(/usr/local/texlive/2025/texmf-dist/tex/latex/hycolor/hycolor.sty
Package: hycolor 2020-01-27 v1.10 Color options for hyperref/bookmark (HO)
)
(/usr/local/texlive/2025/texmf-dist/tex/latex/hyperref/nameref.sty
Package: nameref 2023-11-26 v2.56 Cross-referencing by name of section

(/usr/local/texlive/2025/texmf-dist/tex/latex/refcount/refcount.sty
Package: refcount 2019/12/15 v3.6 Data extraction from label references (HO)
)
(/usr/local/texlive/2025/texmf-dist/tex/generic/gettitlestring/gettitlestring.s
ty
Package: gettitlestring 2019/12/15 v1.6 Cleanup title references (HO)
 (/usr/local/texlive/2025/texmf-dist/tex/latex/kvoptions/kvoptions.sty
Package: kvoptions 2022-06-15 v3.15 Key value format for package options (HO)
))
\c@section@level=\count313
)
(/usr/local/texlive/2025/texmf-dist/tex/generic/stringenc/stringenc.sty
Package: stringenc 2019/11/29 v1.12 Convert strings between diff. encodings (HO
)
)
\@linkdim=\dimen196
\Hy@linkcounter=\count314
\Hy@pagecounter=\count315

(/usr/local/texlive/2025/texmf-dist/tex/latex/hyperref/pd1enc.def
File: pd1enc.def 2024-11-05 v7.01l Hyperref: PDFDocEncoding definition (HO)
Now handling font encoding PD1 ...
... no UTF-8 mapping file for font encoding PD1
)
(/usr/local/texlive/2025/texmf-dist/tex/generic/intcalc/intcalc.sty
Package: intcalc 2019/12/15 v1.3 Expandable calculations with integers (HO)
)
\Hy@SavedSpaceFactor=\count316

(/usr/local/texlive/2025/texmf-dist/tex/latex/hyperref/puenc.def
File: puenc.def 2024-11-05 v7.01l Hyperref: PDF Unicode definition (HO)
Now handling font encoding PU ...
... no UTF-8 mapping file for font encoding PU
)
Package hyperref Info: Option `colorlinks' set `true' on input line 4040.
Package hyperref Info: Hyper figures OFF on input line 4157.
Package hyperref Info: Link nesting OFF on input line 4162.
Package hyperref Info: Hyper index ON on input line 4165.
Package hyperref Info: Plain pages OFF on input line 4172.
Package hyperref Info: Backreferencing OFF on input line 4177.
Package hyperref Info: Implicit mode ON; LaTeX internals redefined.
Package hyperref Info: Bookmarks ON on input line 4424.
\c@Hy@tempcnt=\count317

(/usr/local/texlive/2025/texmf-dist/tex/latex/url/url.sty
\Urlmuskip=\muskip18
Package: url 2013/09/16  ver 3.4  Verb mode for urls, etc.
)
LaTeX Info: Redefining \url on input line 4763.
\XeTeXLinkMargin=\dimen197

(/usr/local/texlive/2025/texmf-dist/tex/generic/bitset/bitset.sty
Package: bitset 2019/12/09 v1.3 Handle bit-vector datatype (HO)

(/usr/local/texlive/2025/texmf-dist/tex/generic/bigintcalc/bigintcalc.sty
Package: bigintcalc 2019/12/15 v1.5 Expandable calculations on big integers (HO
)
))
\Fld@menulength=\count318
\Field@Width=\dimen198
\Fld@charsize=\dimen199
Package hyperref Info: Hyper figures OFF on input line 6042.
Package hyperref Info: Link nesting OFF on input line 6047.
Package hyperref Info: Hyper index ON on input line 6050.
Package hyperref Info: backreferencing OFF on input line 6057.
Package hyperref Info: Link coloring ON on input line 6060.
Package hyperref Info: Link coloring with OCG OFF on input line 6067.
Package hyperref Info: PDF/A mode OFF on input line 6072.

(/usr/local/texlive/2025/texmf-dist/tex/latex/base/atbegshi-ltx.sty
Package: atbegshi-ltx 2021/01/10 v1.0c Emulation of the original atbegshi
package with kernel methods
)
\Hy@abspage=\count319
\c@Item=\count320
\c@Hfootnote=\count321
)
Package hyperref Info: Driver (autodetected): hpdftex.

(/usr/local/texlive/2025/texmf-dist/tex/latex/hyperref/hpdftex.def
File: hpdftex.def 2024-11-05 v7.01l Hyperref driver for pdfTeX

(/usr/local/texlive/2025/texmf-dist/tex/latex/base/atveryend-ltx.sty
Package: atveryend-ltx 2020/08/19 v1.0a Emulation of the original atveryend pac
kage
with kernel methods
)
\Fld@listcount=\count322
\c@bookmark@seq@number=\count323

(/usr/local/texlive/2025/texmf-dist/tex/latex/rerunfilecheck/rerunfilecheck.sty
Package: rerunfilecheck 2022-07-10 v1.10 Rerun checks for auxiliary files (HO)

(/usr/local/texlive/2025/texmf-dist/tex/generic/uniquecounter/uniquecounter.sty
Package: uniquecounter 2019/12/15 v1.4 Provide unlimited unique counter (HO)
)
Package uniquecounter Info: New unique counter `rerunfilecheck' on input line 2
85.
)
\Hy@SectionHShift=\skip77
) (/usr/local/texlive/2025/texmf-dist/tex/latex/parskip/parskip.sty
Package: parskip 2021-03-14 v2.0h non-zero parskip adjustments
)
(/usr/local/texlive/2025/texmf-dist/tex/latex/tcolorbox/tcolorbox.sty
Package: tcolorbox 2024/10/22 version 6.4.1 text color boxes

(/usr/local/texlive/2025/texmf-dist/tex/latex/pgf/frontendlayer/tikz.sty
(/usr/local/texlive/2025/texmf-dist/tex/latex/pgf/basiclayer/pgf.sty
(/usr/local/texlive/2025/texmf-dist/tex/latex/pgf/utilities/pgfrcs.sty
(/usr/local/texlive/2025/texmf-dist/tex/generic/pgf/utilities/pgfutil-common.te
x
\pgfutil@everybye=\toks37
\pgfutil@tempdima=\dimen256
\pgfutil@tempdimb=\dimen257
)
(/usr/local/texlive/2025/texmf-dist/tex/generic/pgf/utilities/pgfutil-latex.def
\pgfutil@abb=\box67
) (/usr/local/texlive/2025/texmf-dist/tex/generic/pgf/utilities/pgfrcs.code.tex
(/usr/local/texlive/2025/texmf-dist/tex/generic/pgf/pgf.revision.tex)
Package: pgfrcs 2023-01-15 v3.1.10 (3.1.10)
))
Package: pgf 2023-01-15 v3.1.10 (3.1.10)

(/usr/local/texlive/2025/texmf-dist/tex/latex/pgf/basiclayer/pgfcore.sty
(/usr/local/texlive/2025/texmf-dist/tex/latex/pgf/systemlayer/pgfsys.sty
(/usr/local/texlive/2025/texmf-dist/tex/generic/pgf/systemlayer/pgfsys.code.tex
Package: pgfsys 2023-01-15 v3.1.10 (3.1.10)
(/usr/local/texlive/2025/texmf-dist/tex/generic/pgf/utilities/pgfkeys.code.tex
\pgfkeys@pathtoks=\toks38
\pgfkeys@temptoks=\toks39

(/usr/local/texlive/2025/texmf-dist/tex/generic/pgf/utilities/pgfkeyslibraryfil
tered.code.tex
\pgfkeys@tmptoks=\toks40
))
\pgf@x=\dimen258
\pgf@y=\dimen259
\pgf@xa=\dimen260
\pgf@ya=\dimen261
\pgf@xb=\dimen262
\pgf@yb=\dimen263
\pgf@xc=\dimen264
\pgf@yc=\dimen265
\pgf@xd=\dimen266
\pgf@yd=\dimen267
\w@pgf@writea=\write3
\r@pgf@reada=\read2
\c@pgf@counta=\count324
\c@pgf@countb=\count325
\c@pgf@countc=\count326
\c@pgf@countd=\count327
\t@pgf@toka=\toks41
\t@pgf@tokb=\toks42
\t@pgf@tokc=\toks43
\pgf@sys@id@count=\count328

(/usr/local/texlive/2025/texmf-dist/tex/generic/pgf/systemlayer/pgf.cfg
File: pgf.cfg 2023-01-15 v3.1.10 (3.1.10)
)
Driver file for pgf: pgfsys-pdftex.def

(/usr/local/texlive/2025/texmf-dist/tex/generic/pgf/systemlayer/pgfsys-pdftex.d
ef
File: pgfsys-pdftex.def 2023-01-15 v3.1.10 (3.1.10)

(/usr/local/texlive/2025/texmf-dist/tex/generic/pgf/systemlayer/pgfsys-common-p
df.def
File: pgfsys-common-pdf.def 2023-01-15 v3.1.10 (3.1.10)
)))
(/usr/local/texlive/2025/texmf-dist/tex/generic/pgf/systemlayer/pgfsyssoftpath.
code.tex
File: pgfsyssoftpath.code.tex 2023-01-15 v3.1.10 (3.1.10)
\pgfsyssoftpath@smallbuffer@items=\count329
\pgfsyssoftpath@bigbuffer@items=\count330
)
(/usr/local/texlive/2025/texmf-dist/tex/generic/pgf/systemlayer/pgfsysprotocol.
code.tex
File: pgfsysprotocol.code.tex 2023-01-15 v3.1.10 (3.1.10)
))
(/usr/local/texlive/2025/texmf-dist/tex/generic/pgf/basiclayer/pgfcore.code.tex
Package: pgfcore 2023-01-15 v3.1.10 (3.1.10)
(/usr/local/texlive/2025/texmf-dist/tex/generic/pgf/math/pgfmath.code.tex
(/usr/local/texlive/2025/texmf-dist/tex/generic/pgf/math/pgfmathutil.code.tex)
(/usr/local/texlive/2025/texmf-dist/tex/generic/pgf/math/pgfmathparser.code.tex
\pgfmath@dimen=\dimen268
\pgfmath@count=\count331
\pgfmath@box=\box68
\pgfmath@toks=\toks44
\pgfmath@stack@operand=\toks45
\pgfmath@stack@operation=\toks46
)
(/usr/local/texlive/2025/texmf-dist/tex/generic/pgf/math/pgfmathfunctions.code.
tex)
(/usr/local/texlive/2025/texmf-dist/tex/generic/pgf/math/pgfmathfunctions.basic
.code.tex)
(/usr/local/texlive/2025/texmf-dist/tex/generic/pgf/math/pgfmathfunctions.trigo
nometric.code.tex)
(/usr/local/texlive/2025/texmf-dist/tex/generic/pgf/math/pgfmathfunctions.rando
m.code.tex)
(/usr/local/texlive/2025/texmf-dist/tex/generic/pgf/math/pgfmathfunctions.compa
rison.code.tex)
(/usr/local/texlive/2025/texmf-dist/tex/generic/pgf/math/pgfmathfunctions.base.
code.tex)
(/usr/local/texlive/2025/texmf-dist/tex/generic/pgf/math/pgfmathfunctions.round
.code.tex)
(/usr/local/texlive/2025/texmf-dist/tex/generic/pgf/math/pgfmathfunctions.misc.
code.tex)
(/usr/local/texlive/2025/texmf-dist/tex/generic/pgf/math/pgfmathfunctions.integ
erarithmetics.code.tex)
(/usr/local/texlive/2025/texmf-dist/tex/generic/pgf/math/pgfmathcalc.code.tex)
(/usr/local/texlive/2025/texmf-dist/tex/generic/pgf/math/pgfmathfloat.code.tex
\c@pgfmathroundto@lastzeros=\count332
)) (/usr/local/texlive/2025/texmf-dist/tex/generic/pgf/math/pgfint.code.tex)
(/usr/local/texlive/2025/texmf-dist/tex/generic/pgf/basiclayer/pgfcorepoints.co
de.tex
File: pgfcorepoints.code.tex 2023-01-15 v3.1.10 (3.1.10)
\pgf@picminx=\dimen269
\pgf@picmaxx=\dimen270
\pgf@picminy=\dimen271
\pgf@picmaxy=\dimen272
\pgf@pathminx=\dimen273
\pgf@pathmaxx=\dimen274
\pgf@pathminy=\dimen275
\pgf@pathmaxy=\dimen276
\pgf@xx=\dimen277
\pgf@xy=\dimen278
\pgf@yx=\dimen279
\pgf@yy=\dimen280
\pgf@zx=\dimen281
\pgf@zy=\dimen282
)
(/usr/local/texlive/2025/texmf-dist/tex/generic/pgf/basiclayer/pgfcorepathconst
ruct.code.tex
File: pgfcorepathconstruct.code.tex 2023-01-15 v3.1.10 (3.1.10)
\pgf@path@lastx=\dimen283
\pgf@path@lasty=\dimen284
)
(/usr/local/texlive/2025/texmf-dist/tex/generic/pgf/basiclayer/pgfcorepathusage
.code.tex
File: pgfcorepathusage.code.tex 2023-01-15 v3.1.10 (3.1.10)
\pgf@shorten@end@additional=\dimen285
\pgf@shorten@start@additional=\dimen286
)
(/usr/local/texlive/2025/texmf-dist/tex/generic/pgf/basiclayer/pgfcorescopes.co
de.tex
File: pgfcorescopes.code.tex 2023-01-15 v3.1.10 (3.1.10)
\pgfpic=\box69
\pgf@hbox=\box70
\pgf@layerbox@main=\box71
\pgf@picture@serial@count=\count333
)
(/usr/local/texlive/2025/texmf-dist/tex/generic/pgf/basiclayer/pgfcoregraphicst
ate.code.tex
File: pgfcoregraphicstate.code.tex 2023-01-15 v3.1.10 (3.1.10)
\pgflinewidth=\dimen287
)
(/usr/local/texlive/2025/texmf-dist/tex/generic/pgf/basiclayer/pgfcoretransform
ations.code.tex
File: pgfcoretransformations.code.tex 2023-01-15 v3.1.10 (3.1.10)
\pgf@pt@x=\dimen288
\pgf@pt@y=\dimen289
\pgf@pt@temp=\dimen290
)
(/usr/local/texlive/2025/texmf-dist/tex/generic/pgf/basiclayer/pgfcorequick.cod
e.tex
File: pgfcorequick.code.tex 2023-01-15 v3.1.10 (3.1.10)
)
(/usr/local/texlive/2025/texmf-dist/tex/generic/pgf/basiclayer/pgfcoreobjects.c
ode.tex
File: pgfcoreobjects.code.tex 2023-01-15 v3.1.10 (3.1.10)
)
(/usr/local/texlive/2025/texmf-dist/tex/generic/pgf/basiclayer/pgfcorepathproce
ssing.code.tex
File: pgfcorepathprocessing.code.tex 2023-01-15 v3.1.10 (3.1.10)
)
(/usr/local/texlive/2025/texmf-dist/tex/generic/pgf/basiclayer/pgfcorearrows.co
de.tex
File: pgfcorearrows.code.tex 2023-01-15 v3.1.10 (3.1.10)
\pgfarrowsep=\dimen291
)
(/usr/local/texlive/2025/texmf-dist/tex/generic/pgf/basiclayer/pgfcoreshade.cod
e.tex
File: pgfcoreshade.code.tex 2023-01-15 v3.1.10 (3.1.10)
\pgf@max=\dimen292
\pgf@sys@shading@range@num=\count334
\pgf@shadingcount=\count335
)
(/usr/local/texlive/2025/texmf-dist/tex/generic/pgf/basiclayer/pgfcoreimage.cod
e.tex
File: pgfcoreimage.code.tex 2023-01-15 v3.1.10 (3.1.10)
)
(/usr/local/texlive/2025/texmf-dist/tex/generic/pgf/basiclayer/pgfcoreexternal.
code.tex
File: pgfcoreexternal.code.tex 2023-01-15 v3.1.10 (3.1.10)
\pgfexternal@startupbox=\box72
)
(/usr/local/texlive/2025/texmf-dist/tex/generic/pgf/basiclayer/pgfcorelayers.co
de.tex
File: pgfcorelayers.code.tex 2023-01-15 v3.1.10 (3.1.10)
)
(/usr/local/texlive/2025/texmf-dist/tex/generic/pgf/basiclayer/pgfcoretranspare
ncy.code.tex
File: pgfcoretransparency.code.tex 2023-01-15 v3.1.10 (3.1.10)
)
(/usr/local/texlive/2025/texmf-dist/tex/generic/pgf/basiclayer/pgfcorepatterns.
code.tex
File: pgfcorepatterns.code.tex 2023-01-15 v3.1.10 (3.1.10)
)
(/usr/local/texlive/2025/texmf-dist/tex/generic/pgf/basiclayer/pgfcorerdf.code.
tex
File: pgfcorerdf.code.tex 2023-01-15 v3.1.10 (3.1.10)
)))
(/usr/local/texlive/2025/texmf-dist/tex/generic/pgf/modules/pgfmoduleshapes.cod
e.tex
File: pgfmoduleshapes.code.tex 2023-01-15 v3.1.10 (3.1.10)
\pgfnodeparttextbox=\box73
)
(/usr/local/texlive/2025/texmf-dist/tex/generic/pgf/modules/pgfmoduleplot.code.
tex
File: pgfmoduleplot.code.tex 2023-01-15 v3.1.10 (3.1.10)
)
(/usr/local/texlive/2025/texmf-dist/tex/latex/pgf/compatibility/pgfcomp-version
-0-65.sty
Package: pgfcomp-version-0-65 2023-01-15 v3.1.10 (3.1.10)
\pgf@nodesepstart=\dimen293
\pgf@nodesepend=\dimen294
)
(/usr/local/texlive/2025/texmf-dist/tex/latex/pgf/compatibility/pgfcomp-version
-1-18.sty
Package: pgfcomp-version-1-18 2023-01-15 v3.1.10 (3.1.10)
))
(/usr/local/texlive/2025/texmf-dist/tex/latex/pgf/utilities/pgffor.sty
(/usr/local/texlive/2025/texmf-dist/tex/latex/pgf/utilities/pgfkeys.sty
(/usr/local/texlive/2025/texmf-dist/tex/generic/pgf/utilities/pgfkeys.code.tex)
) (/usr/local/texlive/2025/texmf-dist/tex/latex/pgf/math/pgfmath.sty
(/usr/local/texlive/2025/texmf-dist/tex/generic/pgf/math/pgfmath.code.tex))
(/usr/local/texlive/2025/texmf-dist/tex/generic/pgf/utilities/pgffor.code.tex
Package: pgffor 2023-01-15 v3.1.10 (3.1.10)
\pgffor@iter=\dimen295
\pgffor@skip=\dimen296
\pgffor@stack=\toks47
\pgffor@toks=\toks48
))
(/usr/local/texlive/2025/texmf-dist/tex/generic/pgf/frontendlayer/tikz/tikz.cod
e.tex
Package: tikz 2023-01-15 v3.1.10 (3.1.10)

(/usr/local/texlive/2025/texmf-dist/tex/generic/pgf/libraries/pgflibraryplothan
dlers.code.tex
File: pgflibraryplothandlers.code.tex 2023-01-15 v3.1.10 (3.1.10)
\pgf@plot@mark@count=\count336
\pgfplotmarksize=\dimen297
)
\tikz@lastx=\dimen298
\tikz@lasty=\dimen299
\tikz@lastxsaved=\dimen300
\tikz@lastysaved=\dimen301
\tikz@lastmovetox=\dimen302
\tikz@lastmovetoy=\dimen303
\tikzleveldistance=\dimen304
\tikzsiblingdistance=\dimen305
\tikz@figbox=\box74
\tikz@figbox@bg=\box75
\tikz@tempbox=\box76
\tikz@tempbox@bg=\box77
\tikztreelevel=\count337
\tikznumberofchildren=\count338
\tikznumberofcurrentchild=\count339
\tikz@fig@count=\count340

(/usr/local/texlive/2025/texmf-dist/tex/generic/pgf/modules/pgfmodulematrix.cod
e.tex
File: pgfmodulematrix.code.tex 2023-01-15 v3.1.10 (3.1.10)
\pgfmatrixcurrentrow=\count341
\pgfmatrixcurrentcolumn=\count342
\pgf@matrix@numberofcolumns=\count343
)
\tikz@expandcount=\count344

(/usr/local/texlive/2025/texmf-dist/tex/generic/pgf/frontendlayer/tikz/librarie
s/tikzlibrarytopaths.code.tex
File: tikzlibrarytopaths.code.tex 2023-01-15 v3.1.10 (3.1.10)
)))
(/usr/local/texlive/2025/texmf-dist/tex/latex/tools/verbatim.sty
Package: verbatim 2024-01-22 v1.5x LaTeX2e package for verbatim enhancements
\every@verbatim=\toks49
\verbatim@line=\toks50
\verbatim@in@stream=\read3
)
(/usr/local/texlive/2025/texmf-dist/tex/latex/environ/environ.sty
Package: environ 2014/05/04 v0.3 A new way to define environments

(/usr/local/texlive/2025/texmf-dist/tex/latex/trimspaces/trimspaces.sty
Package: trimspaces 2009/09/17 v1.1 Trim spaces around a token list
))
\tcb@titlebox=\box78
\tcb@upperbox=\box79
\tcb@lowerbox=\box80
\tcb@phantombox=\box81
\c@tcbbreakpart=\count345
\c@tcblayer=\count346
\c@tcolorbox@number=\count347
\l__tcobox_tmpa_box=\box82
\l__tcobox_tmpa_dim=\dimen306
\tcb@temp=\box83
\tcb@temp=\box84
\tcb@temp=\box85
\tcb@temp=\box86
)
(/usr/local/texlive/2025/texmf-dist/tex/latex/tcolorbox/tcbbreakable.code.tex
Library (tcolorbox): 'tcbbreakable.code.tex' version '6.4.1'
(/usr/local/texlive/2025/texmf-dist/tex/latex/pdfcol/pdfcol.sty
Package: pdfcol 2022-09-21 v1.7 Handle new color stacks for pdfTeX (HO)
)
Package pdfcol Info: New color stack `tcb@breakable' = 1 on input line 23.
\tcb@testbox=\box87
\tcb@totalupperbox=\box88
\tcb@totallowerbox=\box89
)
(/usr/local/texlive/2025/texmf-dist/tex/latex/tcolorbox/tcbskins.code.tex
Library (tcolorbox): 'tcbskins.code.tex' version '6.4.1'
(/usr/local/texlive/2025/texmf-dist/tex/latex/tikzfill/tikzfill.image.sty
Package: tikzfill.image 2023/08/08 v1.0.1 Image filling library for TikZ

(/usr/local/texlive/2025/texmf-dist/tex/latex/tikzfill/tikzfill-common.sty
Package: tikzfill-common 2023/08/08 v1.0.1 Auxiliary code for tikzfill
)
(/usr/local/texlive/2025/texmf-dist/tex/latex/tikzfill/tikzlibraryfill.image.co
de.tex
File: tikzlibraryfill.image.code.tex 2023/08/08 v1.0.1 Image filling library
\l__tikzfill_img_box=\box90
))
(/usr/local/texlive/2025/texmf-dist/tex/latex/tcolorbox/tcbskinsjigsaw.code.tex
Library (tcolorbox): 'tcbskinsjigsaw.code.tex' version '6.4.1'
)) (/usr/local/texlive/2025/texmf-dist/tex/latex/titlesec/titlesec.sty
Package: titlesec 2025/01/04 v2.17 Sectioning titles
\ttl@box=\box91
\beforetitleunit=\skip78
\aftertitleunit=\skip79
\ttl@plus=\dimen307
\ttl@minus=\dimen308
\ttl@toksa=\toks51
\titlewidth=\dimen309
\titlewidthlast=\dimen310
\titlewidthfirst=\dimen311
)
LaTeX Font Info:    Trying to load font information for T1+lmr on input line 14
4.

(/usr/local/texlive/2025/texmf-dist/tex/latex/lm/t1lmr.fd
File: t1lmr.fd 2015/05/01 v1.6.1 Font defs for Latin Modern
)
(/usr/local/texlive/2025/texmf-dist/tex/latex/l3backend/l3backend-pdftex.def
File: l3backend-pdftex.def 2024-05-08 L3 backend support: PDF output (pdfTeX)
\l__color_backend_stack_int=\count348
\l__pdf_internal_box=\box92
)
(./book.aux)
\openout1 = `book.aux'.

LaTeX Font Info:    Checking defaults for OML/cmm/m/it on input line 144.
LaTeX Font Info:    ... okay on input line 144.
LaTeX Font Info:    Checking defaults for OMS/cmsy/m/n on input line 144.
LaTeX Font Info:    ... okay on input line 144.
LaTeX Font Info:    Checking defaults for OT1/cmr/m/n on input line 144.
LaTeX Font Info:    ... okay on input line 144.
LaTeX Font Info:    Checking defaults for T1/cmr/m/n on input line 144.
LaTeX Font Info:    ... okay on input line 144.
LaTeX Font Info:    Checking defaults for TS1/cmr/m/n on input line 144.
LaTeX Font Info:    ... okay on input line 144.
LaTeX Font Info:    Checking defaults for OMX/cmex/m/n on input line 144.
LaTeX Font Info:    ... okay on input line 144.
LaTeX Font Info:    Checking defaults for U/cmr/m/n on input line 144.
LaTeX Font Info:    ... okay on input line 144.
LaTeX Font Info:    Checking defaults for PD1/pdf/m/n on input line 144.
LaTeX Font Info:    ... okay on input line 144.
LaTeX Font Info:    Checking defaults for PU/pdf/m/n on input line 144.
LaTeX Font Info:    ... okay on input line 144.
LaTeX Info: Redefining \microtypecontext on input line 144.
Package microtype Info: Applying patch `item' on input line 144.
Package microtype Info: Applying patch `toc' on input line 144.
Package microtype Info: Applying patch `eqnum' on input line 144.
Package microtype Info: Applying patch `footnote' on input line 144.
Package microtype Info: Applying patch `verbatim' on input line 144.
LaTeX Info: Redefining \microtypesetup on input line 144.
Package microtype Info: Generating PDF output.
Package microtype Info: Character protrusion enabled (level 2).
Package microtype Info: Using default protrusion set `alltext'.
Package microtype Info: Automatic font expansion enabled (level 2),
(microtype)             stretch: 20, shrink: 20, step: 1, non-selected.
Package microtype Info: Using default expansion set `alltext-nott'.
LaTeX Info: Redefining \showhyphens on input line 144.
Package microtype Info: No adjustment of tracking.
Package microtype Info: No adjustment of interword spacing.
Package microtype Info: No adjustment of character kerning.
 (/usr/local/texlive/2025/texmf-dist/tex/latex/microtype/mt-cmr.cfg
File: mt-cmr.cfg 2013/05/19 v2.2 microtype config. file: Computer Modern Roman 
(RS)
)
*geometry* driver: auto-detecting
*geometry* detected driver: pdftex
*geometry* verbose mode - [ preamble ] result:
* driver: pdftex
* paper: a4paper
* layout: <same size as paper>
* layoutoffset:(h,v)=(0.0pt,0.0pt)
* modes: twoside 
* h-part:(L,W,R)=(79.66771pt, 438.17245pt, 79.66771pt)
* v-part:(T,H,B)=(71.13188pt, 702.78308pt, 71.13188pt)
* \paperwidth=597.50787pt
* \paperheight=845.04684pt
* \textwidth=438.17245pt
* \textheight=702.78308pt
* \oddsidemargin=7.39772pt
* \evensidemargin=7.39772pt
* \topmargin=-35.0119pt
* \headheight=14.0pt
* \headsep=19.8738pt
* \topskip=11.0pt
* \footskip=27.46295pt
* \marginparwidth=106.0pt
* \marginparsep=7.0pt
* \columnsep=10.0pt
* \skip\footins=10.0pt plus 4.0pt minus 2.0pt
* \hoffset=0.0pt
* \voffset=0.0pt
* \mag=1000
* \@twocolumnfalse
* \@twosidetrue
* \@mparswitchtrue
* \@reversemarginfalse
* (1in=72.27pt=25.4mm, 1cm=28.453pt)

(/usr/local/texlive/2025/texmf-dist/tex/context/base/mkii/supp-pdf.mkii
[Loading MPS to PDF converter (version 2006.09.02).]
\scratchcounter=\count349
\scratchdimen=\dimen312
\scratchbox=\box93
\nofMPsegments=\count350
\nofMParguments=\count351
\everyMPshowfont=\toks52
\MPscratchCnt=\count352
\MPscratchDim=\dimen313
\MPnumerator=\count353
\makeMPintoPDFobject=\count354
\everyMPtoPDFconversion=\toks53
) (/usr/local/texlive/2025/texmf-dist/tex/latex/epstopdf-pkg/epstopdf-base.sty
Package: epstopdf-base 2020-01-24 v2.11 Base part for package epstopdf
Package epstopdf-base Info: Redefining graphics rule for `.eps' on input line 4
85.

(/usr/local/texlive/2025/texmf-dist/tex/latex/latexconfig/epstopdf-sys.cfg
File: epstopdf-sys.cfg 2010/07/13 v1.3 Configuration of (r)epstopdf for TeX Liv
e
))
\c@lstlisting=\count355
Package caption Info: Begin \AtBeginDocument code.
Package caption Info: hyperref package is loaded.
Package caption Info: End \AtBeginDocument code.
Package hyperref Info: Link coloring ON on input line 144.

(./book.out) (./book.out)
\@outlinefile=\write4
\openout4 = `book.out'.

LaTeX Font Info:    Trying to load font information for OT1+lmr on input line 1
58.

(/usr/local/texlive/2025/texmf-dist/tex/latex/lm/ot1lmr.fd
File: ot1lmr.fd 2015/05/01 v1.6.1 Font defs for Latin Modern
)
LaTeX Font Info:    Trying to load font information for OML+lmm on input line 1
58.

(/usr/local/texlive/2025/texmf-dist/tex/latex/lm/omllmm.fd
File: omllmm.fd 2015/05/01 v1.6.1 Font defs for Latin Modern
)
LaTeX Font Info:    Trying to load font information for OMS+lmsy on input line 
158.

(/usr/local/texlive/2025/texmf-dist/tex/latex/lm/omslmsy.fd
File: omslmsy.fd 2015/05/01 v1.6.1 Font defs for Latin Modern
)
LaTeX Font Info:    Trying to load font information for OMX+lmex on input line 
158.

(/usr/local/texlive/2025/texmf-dist/tex/latex/lm/omxlmex.fd
File: omxlmex.fd 2015/05/01 v1.6.1 Font defs for Latin Modern
)
LaTeX Font Info:    External font `lmex10' loaded for size
(Font)              <12> on input line 158.
LaTeX Font Info:    External font `lmex10' loaded for size
(Font)              <8> on input line 158.
LaTeX Font Info:    External font `lmex10' loaded for size
(Font)              <6> on input line 158.
LaTeX Font Info:    Trying to load font information for U+msa on input line 158
.

(/usr/local/texlive/2025/texmf-dist/tex/latex/amsfonts/umsa.fd
File: umsa.fd 2013/01/14 v3.01 AMS symbols A
)
(/usr/local/texlive/2025/texmf-dist/tex/latex/microtype/mt-msa.cfg
File: mt-msa.cfg 2006/02/04 v1.1 microtype config. file: AMS symbols (a) (RS)
)
LaTeX Font Info:    Trying to load font information for U+msb on input line 158
.

(/usr/local/texlive/2025/texmf-dist/tex/latex/amsfonts/umsb.fd
File: umsb.fd 2013/01/14 v3.01 AMS symbols B
)
(/usr/local/texlive/2025/texmf-dist/tex/latex/microtype/mt-msb.cfg
File: mt-msb.cfg 2005/06/01 v1.0 microtype config. file: AMS symbols (b) (RS)
)
LaTeX Font Info:    External font `lmex10' loaded for size
(Font)              <10.95> on input line 164.


[1


{/usr/local/texlive/2025/texmf-var/fonts/map/pdftex/updmap/pdftex.map}{/usr/loc
al/texlive/2025/texmf-dist/fonts/enc/dvips/lm/lm-ec.enc}{/usr/local/texlive/202
5/texmf-dist/fonts/enc/dvips/lm/lm-mathsy.enc}]

[2

] (./book.toc

[1

]
LaTeX Font Info:    Trying to load font information for T1+lmtt on input line 5
4.
 (/usr/local/texlive/2025/texmf-dist/tex/latex/lm/t1lmtt.fd
File: t1lmtt.fd 2015/05/01 v1.6.1 Font defs for Latin Modern
)
Package microtype Info: Loading generic protrusion settings for font family
(microtype)             `lmtt' (encoding: T1).
(microtype)             For optimal results, create family-specific settings.
(microtype)             See the microtype manual for details.


[2]

[3]

[4]

[5])
\tf@toc=\write5
\openout5 = `book.toc'.



[6{/usr/local/texlive/2025/texmf-dist/fonts/enc/dvips/lm/lm-mathit.enc}{/usr/lo
cal/texlive/2025/texmf-dist/fonts/enc/dvips/lm/lm-rm.enc}]

[7

]

[8


]
LaTeX Font Info:    Trying to load font information for TS1+lmr on input line 2
83.
 (/usr/local/texlive/2025/texmf-dist/tex/latex/lm/ts1lmr.fd
File: ts1lmr.fd 2015/05/01 v1.6.1 Font defs for Latin Modern
)

[9


{/usr/local/texlive/2025/texmf-dist/fonts/enc/dvips/lm/lm-ts1.enc}]

[10

]


pdfTeX warning (ext4): destination with the same identifier (name{page.1}) has 
been already used, duplicate ignored
<to be read again> 
                   \relax 
l.304 \part{Foundations}
                         [1

]
Chapter 1.



pdfTeX warning (ext4): destination with the same identifier (name{page.2}) has 
been already used, duplicate ignored
<to be read again> 
                   \relax 
l.343   \item[D1 --- Field Assessment Report]
                                              [2

]
Overfull \hbox (45.64468pt too wide) in paragraph at lines 348--349
\T1/lmr/m/n/10.95 (-20) down chart. Out-put: \T1/lmtt/m/n/10.95 outputs/chart1_
safety_scores.png\T1/lmr/m/n/10.95 (-20) , \T1/lmtt/m/n/10.95 chart2_hazard_sev
erity.png\T1/lmr/m/n/10.95 (-20) ,
 []


Underfull \vbox (badness 10000) has occurred while \output is active []



[3]

[4]

[5]
Chapter 2.
[6

]

[7]

[8]

[9]
Chapter 3.

Overfull \hbox (4.06815pt too wide) in paragraph at lines 551--552
[]\T1/lmr/bx/n/10.95 (-20) Python 3.10 or higher. \T1/lmr/m/n/10.95 (-20) The p
roject uses f-strings with \T1/lmtt/m/n/10.95 = \T1/lmr/m/n/10.95 (-20) (Python
 3.8+), \T1/lmtt/m/n/10.95 pathlib.Path
 []

(/usr/local/texlive/2025/texmf-dist/tex/latex/listings/lstlang1.sty
File: lstlang1.sty 2024/09/23 1.10c listings language file
)
(/usr/local/texlive/2025/texmf-dist/tex/latex/listings/lstlang1.sty
File: lstlang1.sty 2024/09/23 1.10c listings language file
)
Package hyperref Info: bookmark level for unknown lstlisting defaults to 0 on i
nput line 560.
LaTeX Font Info:    Font shape `T1/lmtt/bx/n' in size <9> not available
(Font)              Font shape `T1/lmtt/b/n' tried instead on input line 565.

Overfull \hbox (3.04117pt too wide) in paragraph at lines 571--572
[]\T1/lmr/m/n/10.95 (-20) You should see, among other files: \T1/lmtt/m/n/10.95
 main.py\T1/lmr/m/n/10.95 (-20) , \T1/lmtt/m/n/10.95 config.py\T1/lmr/m/n/10.95
 (-20) , \T1/lmtt/m/n/10.95 spatial_features.py\T1/lmr/m/n/10.95 (-20) , \T1/lm
tt/m/n/10.95 ml_model.py\T1/lmr/m/n/10.95 (-20) ,
 []


Overfull \hbox (57.4036pt too wide) in paragraph at lines 571--572
\T1/lmtt/m/n/10.95 feature_engineering.py\T1/lmr/m/n/10.95 (-20) , \T1/lmtt/m/n
/10.95 scenario_analyzer.py\T1/lmr/m/n/10.95 (-20) , \T1/lmtt/m/n/10.95 equity_
analysis.py\T1/lmr/m/n/10.95 (-20) , \T1/lmtt/m/n/10.95 crash_trend_analysis.py
\T1/lmr/m/n/10.95 (-20) ,
 []



[10

]

[11]

[12]
LaTeX Font Info:    Font shape `T1/lmtt/bx/n' in size <10.95> not available
(Font)              Font shape `T1/lmtt/b/n' tried instead on input line 729.

Overfull \hbox (6.62016pt too wide) in paragraph at lines 732--733
[]\T1/lmr/m/n/10.95 (-20) A Carte-sian co-or-di-nate
 []



[13]

[14]
Chapter 4.


[15

]

[16]
Underfull \vbox (badness 7221) has occurred while \output is active []



[17]

[18]

[19]

[20]
Overfull \hbox (1.45456pt too wide) in paragraph at lines 1163--1164
[]|\T1/lmtt/m/n/10.95 environmental_features.py|  
 []


Overfull \hbox (4.4744pt too wide) in paragraph at lines 1176--1176
[]|\T1/lmtt/m/n/10.95 chart_feature_importance.png|  
 []


Underfull \vbox (badness 3701) has occurred while \output is active []



[21]

[22]

[23

]
Chapter 5.

Underfull \vbox (badness 10000) has occurred while \output is active []



[24


]

[25]
Overfull \hbox (35.28934pt too wide) in paragraph at lines 1278--1279
[]\T1/lmr/m/n/10.95 (-20) Table [][]5.2[][] shows the SEIFA val-ues used in the
 eq-uity anal-y-sis (stored in \T1/lmtt/m/n/10.95 outputs/seifa_darebin.csv\T1/
lmr/m/n/10.95 (-20) ). 
 []



[26]
Chapter 6.

Overfull \hbox (0.93102pt too wide) in paragraph at lines 1363--1363
[]|\T1/lmtt/m/n/10.95 Footpath_present|  
 []


Overfull \hbox (0.93102pt too wide) in paragraph at lines 1369--1369
[]|\T1/lmtt/m/n/10.95 Crossing_present|  
 []


Overfull \hbox (0.93102pt too wide) in paragraph at lines 1381--1381
[]|\T1/lmtt/m/n/10.95 Parking_conflict|  
 []



[27

] [28]

[29]
LaTeX Font Info:    Font shape `T1/lmtt/bx/n' in size <14.4> not available
(Font)              Font shape `T1/lmtt/b/n' tried instead on input line 1418.


[30]

[31]
Chapter 7.

Overfull \hbox (85.24908pt too wide) in paragraph at lines 1477--1478
[]\T1/lmr/bx/n/10.95 (-20) Crossing and sig-nal lo-ca-tions. \T1/lmr/m/n/10.95 
(-20) OSM nodes tagged \T1/lmtt/m/n/10.95 highway=crossing \T1/lmr/m/n/10.95 (-
20) and \T1/lmtt/m/n/10.95 highway=traffic_signals
 []


Overfull \hbox (52.74884pt too wide) in paragraph at lines 1478--1479
[]\T1/lmr/bx/n/10.95 (-20) Street fur-ni-ture. \T1/lmr/m/n/10.95 (-20) Trees (\
T1/lmtt/m/n/10.95 natural=tree\T1/lmr/m/n/10.95 (-20) ), benches (\T1/lmtt/m/n/
10.95 amenity=bench\T1/lmr/m/n/10.95 (-20) ), shel-ters (\T1/lmtt/m/n/10.95 ame
nity=shelter\T1/lmr/m/n/10.95 (-20) ),
 []


Overfull \hbox (28.0715pt too wide) in paragraph at lines 1499--1500
[]\T1/lmtt/m/n/10.95 ox.features_from_point((lat, lon), tags={...}, dist=r) \T1
/lmr/m/n/10.95 (-20) --- re-turns a \T1/lmtt/m/n/10.95 GeoDataFrame
 []



[32

]
LaTeX Font Info:    Font shape `T1/lmtt/bx/n' in size <10> not available
(Font)              Font shape `T1/lmtt/b/n' tried instead on input line 1527.


[33]

[34]

[35]

[36]

[37]

[38]
Chapter 8.

Overfull \hbox (66.83772pt too wide) in paragraph at lines 1842--1843
[]|\T1/lmtt/m/n/10.95 crash_data_statewide.csv|  
 []


Overfull \hbox (26.59659pt too wide) in paragraph at lines 1843--1844
[]|\T1/lmtt/m/n/10.95 seifa_darebin.csv|  
 []


Overfull \hbox (78.33519pt too wide) in paragraph at lines 1844--1845
[]|\T1/lmtt/m/n/10.95 environmental_features.csv|  
 []


Overfull \hbox (78.33519pt too wide) in paragraph at lines 1845--1846
[]|\T1/lmtt/m/n/10.95 environmental_features.csv|  
 []


Underfull \vbox (badness 1946) has occurred while \output is active []



[39

]
Overfull \hbox (4.23038pt too wide) in paragraph at lines 1915--1916
\T1/lmtt/m/n/10.95 crash_trend_analysis.py \T1/lmr/m/n/10.95 (-20) pro-duces a 
four-panel chart (\T1/lmtt/m/n/10.95 outputs/chart_crash_trends.png\T1/lmr/m/n/
10.95 (-20) )
 []



[40]
Underfull \hbox (badness 10000) in paragraph at lines 1939--1940
\T1/lmr/m/n/10.95 (+20) with columns: \T1/lmtt/m/n/10.95 School\T1/lmr/m/n/10.9
5 (+20) , \T1/lmtt/m/n/10.95 IRSD_Score_Weighted\T1/lmr/m/n/10.95 (+20) , \T1/l
mtt/m/n/10.95 IRSD_Decile\T1/lmr/m/n/10.95 (+20) ,
 []



[41]
Overfull \hbox (95.44408pt too wide) in paragraph at lines 2019--2020
\T1/lmr/m/n/10.95 (-20) they share the same \T1/lmtt/m/n/10.95 crime_rate_per_1
00k \T1/lmr/m/n/10.95 (-20) value. This value is stored in \T1/lmtt/m/n/10.95 o
utputs/environmental_features.csv
 []



[42]
Overfull \hbox (6.63667pt too wide) in paragraph at lines 2053--2054
[]\T1/lmr/m/n/10.95 (-20) Run \T1/lmtt/m/n/10.95 crash_trend_analysis.py \T1/lm
r/m/n/10.95 (-20) for time-series re-port-ing (sep-a-rate from the ML pipeline)
. 
 []



[43]

[44

]

[45]
Chapter 9.


[46


]

[47]

[48]

[49]
Overfull \hbox (5.35132pt too wide) in paragraph at lines 2343--2343
\T1/lmtt/m/n/10.95 shelter_count_200m\T1/lmr/m/n/10.95 (-20) , 
 []


Overfull \hbox (4.26337pt too wide) in paragraph at lines 2345--2345
 []|\T1/lmr/m/n/10.95 (-20) Deductive| 
 []


Overfull \hbox (4.26337pt too wide) in paragraph at lines 2347--2347
 []|\T1/lmr/m/n/10.95 (-20) Deductive| 
 []


Overfull \hbox (11.10005pt too wide) in paragraph at lines 2347--2347
\T1/lmtt/m/n/10.95 crime_rate_per_100k\T1/lmr/m/n/10.95 (-20) , 
 []


Overfull \hbox (5.35132pt too wide) in paragraph at lines 2348--2348
[]|\T1/lmtt/m/n/10.95 amenity_count_400m\T1/lmr/m/n/10.95 (-20) , 
 []


Overfull \hbox (4.26337pt too wide) in paragraph at lines 2349--2349
 []|\T1/lmr/m/n/10.95 (-20) Deductive| 
 []


Overfull \hbox (4.82399pt too wide) in paragraph at lines 2350--2350
 []|\T1/lmr/m/n/10.95 (-20) HS10| 
 []


Overfull \hbox (4.26337pt too wide) in paragraph at lines 2350--2350
 []|\T1/lmr/m/n/10.95 (-20) Deductive| 
 []

[50]

[51]
Chapter 10.

Overfull \hbox (68.65877pt too wide) in paragraph at lines 2359--2360
\T1/lmr/m/n/10.95 (-20) After HS scores are com-puted for each field ob-ser-va-
tion, \T1/lmtt/m/n/10.95 compute_severity() \T1/lmr/m/n/10.95 (-20) in \T1/lmtt
/m/n/10.95 src/scoring/severity.py
 []


Overfull \hbox (22.13515pt too wide) in paragraph at lines 2393--2393
|[]\T1/lmr/bx/n/14.4 (-20) The Rec-om-men-da-tion Rules: \T1/lmtt/b/n/14.4 src/
recommendations/rules.py| 
 []


Underfull \vbox (badness 1043) has occurred while \output is active []



[52

]

[53]

[54]

[55]
Chapter 11.

Overfull \hbox (0.40977pt too wide) in paragraph at lines 2518--2518
|\T1/lmr/bx/n/24.88 (-20) Machine Learn-ing: Fea-ture En-gi-neer-
 []


Overfull \hbox (23.17558pt too wide) in paragraph at lines 2538--2539
\T1/lmr/m/n/10.95 (-20) The fea-ture ma-trix is as-sem-bled from four sources a
nd saved to \T1/lmtt/m/n/10.95 outputs/ml_school_features.csv
 []


Overfull \hbox (1.9438pt too wide) in paragraph at lines 2570--2570
 []|\T1/lmr/m/n/10.95 (-20) VicRoads| 
 []


Overfull \hbox (1.9438pt too wide) in paragraph at lines 2571--2571
 []|\T1/lmr/m/n/10.95 (-20) VicRoads| 
 []


Overfull \hbox (1.9438pt too wide) in paragraph at lines 2572--2572
 []|\T1/lmr/m/n/10.95 (-20) VicRoads| 
 []


Overfull \hbox (1.9438pt too wide) in paragraph at lines 2573--2573
 []|\T1/lmr/m/n/10.95 (-20) VicRoads| 
 []


Underfull \vbox (badness 10000) has occurred while \output is active []



[56

]

[57]
Overfull \hbox (1.53906pt too wide) in paragraph at lines 2653--2654
[]\T1/lmtt/m/n/10.95 StandardScaler \T1/lmr/m/n/10.95 (-20) is es-sen-tial: the
 26 fea-tures span very dif-fer-ent scales (e.g. \T1/lmtt/m/n/10.95 walk_length
_400m
 []



[58]

[59]

[60]
Chapter 12.

Overfull \hbox (3.8008pt too wide) in paragraph at lines 2745--2745
|[]\T1/lmr/bx/n/14.4 (-20) Intervention Tem-plates: \T1/lmtt/b/n/14.4 src/scena
rios/interventions.py| 
 []


Overfull \hbox (9.6413pt too wide) in paragraph at lines 2759--2759
[]|\T1/lmtt/m/n/10.95 pedestrian_crossing|  
 []



[61

{/usr/local/texlive/2025/texmf-dist/fonts/enc/dvips/lm/lm-mathex.enc}]

[62]

[63]

[64]

[65]

[66

]

[67]
Chapter 13.

Overfull \hbox (22.13622pt too wide) in paragraph at lines 2955--2958
\T1/lmr/m/n/10.95 (-20) records cap-ture \T1/lmr/m/it/10.95 (-20) re-vealed \T1
/lmr/m/n/10.95 (-20) risk --- ac-tual harm that has al-ready oc-curred. \T1/lmt
t/m/n/10.95 crash_trend_analysis.py
 []


Underfull \hbox (badness 10000) in paragraph at lines 2969--2976
[]\T1/lmr/bx/n/10.95 (+20) VicRoads open data \T1/lmr/m/n/10.95 (+20) --- state
wide ped/-cyc crash records, 2021--2025.
 []


Underfull \hbox (badness 10000) in paragraph at lines 2969--2976
\T1/lmr/m/n/10.95 (+20) Down-loaded by \T1/lmtt/m/n/10.95 crash_analysis.py \T1
/lmr/m/n/10.95 (+20) (pipeline Step 1) and saved as
 []



[68

]

[69]

[70]

[71]
Chapter 14.


[72

]

[73]
Overfull \hbox (3.42241pt too wide) in paragraph at lines 3275--3277
[]\T1/lmr/m/n/10.95 (-20) In the mas-ter pipeline this is Step 8 (\T1/lmtt/m/n/
10.95 run_all.py\T1/lmr/m/n/10.95 (-20) ), run au-to-mat-i-cally af-ter \T1/lmt
t/m/n/10.95 seifa_analysis.py
 []



[74]
Chapter 15.

Overfull \hbox (23.78624pt too wide) in paragraph at lines 3298--3302
[]\T1/lmr/m/n/10.95 (-20) The data bridge be-tween the Python pipeline and the 
browser is a sin-gle file: \T1/lmtt/m/n/10.95 docs/data/data.json\T1/lmr/m/n/10
.95 (-20) .
 []



[75

]
Underfull \vbox (badness 3872) has occurred while \output is active []



[76]

[77]
Overfull \hbox (6.69084pt too wide) in paragraph at lines 3476--3479
[]\T1/lmr/bx/n/10.95 (-20) Crash heatmap \T1/lmr/m/n/10.95 (-20) --- Leaflet.he
at plu-gin ren-der-ing the intensity-weighted \T1/lmtt/m/n/10.95 heatmap_points

 []



[78]
Overfull \hbox (15.68094pt too wide) in paragraph at lines 3560--3560
[]|\T1/lmtt/m/n/10.95 environmental_features.py|  
 []


Overfull \hbox (7.2033pt too wide) in paragraph at lines 3560--3560
[]|\T1/lmtt/m/n/10.95 environmental_features.csv|  
 []


Overfull \hbox (4.18347pt too wide) in paragraph at lines 3566--3566
[]|\T1/lmtt/m/n/10.95 crash_trend_analysis.py|  
 []

[79]

[80]

[81]

[82

]

[83]
Chapter 16.


[84

]
Overfull \hbox (3.00488pt too wide) in paragraph at lines 3726--3729
\T1/lmr/m/n/10.95 (-20) Node co-or-di-nates are joined to ac-ci-dents on \T1/lm
tt/m/n/10.95 ACCIDENT_NO\T1/lmr/m/n/10.95 (-20) . \T1/lmtt/m/n/10.95 drop_dupli
cates('ACCIDENT_NO')
 []



[85]

[86]

[87]
Chapter 17.

Overfull \hbox (56.90067pt too wide) in paragraph at lines 3921--3925
[]\T1/lmr/bx/n/10.95 (-20) EPA Gate-way API \T1/lmr/m/n/10.95 (-20) --- the of-
fi-cial EPA Vic-to-ria mon-i-tor-ing API at \T1/lmtt/m/n/10.95 gateway.api.epa.
vic.gov.au\T1/lmr/m/n/10.95 (-20) .
 []



[88

]

[89]

[90]

[91]
Chapter 18.


[92

]

[93]

[94]
Overfull \hbox (75.29164pt too wide) in paragraph at lines 4269--4274
\T1/lmr/m/n/10.95 (-20) The Folium in-ter-ac-tive map (\T1/lmtt/m/n/10.95 outpu
ts/map_interactive.html\T1/lmr/m/n/10.95 (-20) ) is gen-er-ated by \T1/lmtt/m/n
/10.95 build_interactive_map(df,
 []


Overfull \hbox (8.90652pt too wide) in paragraph at lines 4309--4323
 [] 
 []



[95]

[96]

[97

]
Chapter 19.

Overfull \hbox (27.64551pt too wide) in paragraph at lines 4330--4330
|\T1/lmr/bx/n/24.88 (-20) Feature En-gi-neer-ing for Ma-chine Learn-
 []


Overfull \hbox (196.15756pt too wide) in paragraph at lines 4360--4374
 [] 
 []



[98

]

[99]
Underfull \hbox (badness 10000) in paragraph at lines 4456--4461
[]\T1/lmtt/m/n/10.95 spatial_features.csv \T1/lmr/m/n/10.95 (+20) uses short na
mes (\T1/lmtt/m/n/10.95 Reservoir HS\T1/lmr/m/n/10.95 (+20) ),
 []


Underfull \hbox (badness 1383) in paragraph at lines 4456--4461
\T1/lmtt/m/n/10.95 environmental_features.csv \T1/lmr/m/n/10.95 (+20) uses full
 names (\T1/lmtt/m/n/10.95 Reservoir High School\T1/lmr/m/n/10.95 (+20) ). The
 []



[100]
Chapter 20.


[101

]

[102]
Overfull \hbox (82.3359pt too wide) in paragraph at lines 4613--4623
 [] 
 []



[103]

[104]
Chapter 21.

Overfull \hbox (80.88565pt too wide) in paragraph at lines 4685--4689
\T1/lmr/m/n/10.95 (-20) ABS Cen-sus 2021 sum-mary file shipped with the repos-i
-tory and gen-er-ates \T1/lmtt/m/n/10.95 outputs/chart4_demographics.png\T1/lmr
/m/n/10.95 (-20) :
 []


Overfull \hbox (33.36667pt too wide) in paragraph at lines 4690--4694
[]\T1/lmr/m/n/10.95 (-20) Unlike most other pipeline steps, this script per-for
ms no data down-load. \T1/lmtt/m/n/10.95 demographics_darebin.csv
 []

LaTeX Font Info:    Trying to load font information for TS1+lmtt on input line 
4738.
(/usr/local/texlive/2025/texmf-dist/tex/latex/lm/ts1lmtt.fd
File: ts1lmtt.fd 2015/05/01 v1.6.1 Font defs for Latin Modern
)
Package microtype Info: Loading generic protrusion settings for font family
(microtype)             `lmtt' (encoding: TS1).
(microtype)             For optimal results, create family-specific settings.
(microtype)             See the microtype manual for details.
Package microtype Info: Character `texttrademark ' is missing
(microtype)             in font `TS1/lmtt/m/n/10.95'.
(microtype)             Ignoring protrusion settings for this character.


[105

]

[106]

[107]

[108

]
Chapter 22.
LaTeX Font Info:    External font `lmex10' loaded for size
(Font)              <10> on input line 4822.
LaTeX Font Info:    External font `lmex10' loaded for size
(Font)              <7> on input line 4822.
LaTeX Font Info:    External font `lmex10' loaded for size
(Font)              <5> on input line 4822.


[109

]
Overfull \hbox (42.52618pt too wide) in paragraph at lines 4950--4952
\T1/lmr/m/n/10.95 (-20) The Pear-son cor-re-la-tion be-tween SEIFA Decile and o
ver-all HS score, com-puted by \T1/lmtt/m/n/10.95 equity_analysis.py
 []



[110]

[111]

[112]
Chapter 23.

Overfull \hbox (18.64537pt too wide) in paragraph at lines 5022--5022
|\T1/lmr/bx/n/24.88 (-20) Extending the Pipeline to New Schools
 []



[113

]
Overfull \hbox (14.3351pt too wide) in paragraph at lines 5076--5081
\T1/lmtt/m/n/10.95 population\T1/lmr/m/n/10.95 (-20) , \T1/lmtt/m/n/10.95 Media
n weekly household income ($)\T1/lmr/m/n/10.95 (-20) , \T1/lmtt/m/n/10.95 % hou
seholds no car\T1/lmr/m/n/10.95 (-20) , \T1/lmtt/m/n/10.95 % public
 []


Overfull \hbox (45.60342pt too wide) in paragraph at lines 5120--5123
\T1/lmr/m/n/10.95 (-20) codes (find these from the ABS 2021 ge-o-graphic cor-re
-spon-dence ta-bles at \T1/lmtt/m/n/10.95 abs.gov.au/geography\T1/lmr/m/n/10.95
 (-20) ). 
 []



[114]
Overfull \hbox (29.90732pt too wide) in paragraph at lines 5139--5139
\T1/lmtt/m/n/10.95 environmental_features.py|  
 []


Overfull \hbox (1.16365pt too wide) in paragraph at lines 5143--5143
\T1/lmtt/m/n/10.95 scenario_analyzer.py|  
 []


Overfull \hbox (24.15858pt too wide) in paragraph at lines 5151--5151
\T1/lmtt/m/n/10.95 osmnx.graph_from_point()|  
 []



[115]
Chapter 24.

Overfull \hbox (19.0222pt too wide) in paragraph at lines 5163--5163
|\T1/lmr/bx/n/24.88 (-20) Architecture, Lim-i-ta-tions, and Lessons
 []


Package hyperref Warning: Token not allowed in a PDF string (Unicode):
(hyperref)                removing `math shift' on input line 5201.


Package hyperref Warning: Token not allowed in a PDF string (Unicode):
(hyperref)                removing `math shift' on input line 5201.



[116

]
Overfull \hbox (48.68402pt too wide) in paragraph at lines 5252--5257
\T1/lmr/bx/n/10.95 (-20) Why vec-torised Haver-sine rather than Post-GIS? \T1/l
mr/m/n/10.95 (-20) Nearest-school as-sign-ment (\T1/lmtt/m/n/10.95 crash_analys
is.py\T1/lmr/m/n/10.95 (-20) )
 []



[117]

[118]
Appendix A.

Overfull \hbox (18.8078pt too wide) in paragraph at lines 5310--5315
\T1/lmtt/m/n/10.95 src/scoring/hs1.py \T1/lmr/m/n/10.95 (-20) through \T1/lmtt/
m/n/10.95 src/scoring/hs10.py\T1/lmr/m/n/10.95 (-20) . Each func-tion ac-cepts 
a scored DataFrame
 []


Underfull \vbox (badness 10000) has occurred while \output is active []



[119

]
Underfull \vbox (badness 10000) has occurred while \output is active []



[120]

[121]
Appendix B.


[122

]
Overfull \hbox (14.13881pt too wide) in paragraph at lines 5499--5501
[]\T1/lmtt/m/n/10.95 bike_lane\T1/lmr/m/n/10.95 (-20) : adds +12.0 to \T1/lmtt/
m/n/10.95 cycle_pct_400m\T1/lmr/m/n/10.95 (-20) , +200.0m to \T1/lmtt/m/n/10.95
 protected_cycle_length_400m\T1/lmr/m/n/10.95 (-20) .
 []



[123]
Appendix C.

Overfull \hbox (25.61734pt too wide) in paragraph at lines 5527--5528
[]|\T1/lmtt/m/n/10.95 crash_data_statewide.csv\T1/lmr/m/n/10.95 (-20) , 
 []


Overfull \hbox (2.6224pt too wide) in paragraph at lines 5528--5529
[]|\T1/lmtt/m/n/10.95 spatial_features.csv\T1/lmr/m/n/10.95 (-20) , 
 []


Overfull \hbox (35.65605pt too wide) in paragraph at lines 5529--5530
[]|\T1/lmtt/m/n/10.95 environmental_features.csv|  
 []


Overfull \hbox (12.66112pt too wide) in paragraph at lines 5531--5532
[]|\T1/lmtt/m/n/10.95 ml_school_features.csv|  
 []


Overfull \hbox (6.91238pt too wide) in paragraph at lines 5533--5534
\T1/lmtt/m/n/10.95 seifa_darebin_sa1.csv|  
 []


Overfull \hbox (12.66112pt too wide) in paragraph at lines 5534--5535
[]|\T1/lmtt/m/n/10.95 chart_equity_seifa.png|  
 []


Overfull \hbox (12.66112pt too wide) in paragraph at lines 5535--5536
[]|\T1/lmtt/m/n/10.95 chart_crash_trends.png|  
 []


Overfull \hbox (18.40985pt too wide) in paragraph at lines 5536--5537
[]|\T1/lmtt/m/n/10.95 chart4_demographics.png|  
 []


Overfull \hbox (16.68599pt too wide) in paragraph at lines 5523--5539
 [] 
 []


Underfull \vbox (badness 10000) has occurred while \output is active []



[124

]
Underfull \vbox (badness 10000) has occurred while \output is active []



[125]

[126]
Overfull \hbox (35.32936pt too wide) in paragraph at lines 5639--5644
[]\T1/lmr/m/n/10.95 (-20) Crash data down-load and vec-torised spa-tial join (\
T1/lmtt/m/n/10.95 crash_analysis.py\T1/lmr/m/n/10.95 (-20) );
 []



[127


]

[128] (./book.aux)
 ***********
LaTeX2e <2024-11-01> patch level 2
L3 programming layer <2025-01-18>
 ***********
Package rerunfilecheck Info: File `book.out' has not changed.
(rerunfilecheck)             Checksum: AC86E0CEDA926F6B01905B012FF00905;48071.
 ) 
Here is how much of TeX's memory you used:
 34887 strings out of 473190
 647976 string characters out of 5715800
 1724440 words of memory out of 5000000
 55176 multiletter control sequences out of 15000+600000
 673959 words of font info for 257 fonts, out of 8000000 for 9000
 1141 hyphenation exceptions out of 8191
 98i,13n,101p,1193b,2145s stack positions out of 10000i,1000n,20000p,200000b,200000s
</usr/local/texlive/2025/texmf-dist/fonts/type1/public/lm/lmbx10.pfb></usr/lo
cal/texlive/2025/texmf-dist/fonts/type1/public/lm/lmbx12.pfb></usr/local/texliv
e/2025/texmf-dist/fonts/type1/public/lm/lmex10.pfb></usr/local/texlive/2025/tex
mf-dist/fonts/type1/public/lm/lmmi10.pfb></usr/local/texlive/2025/texmf-dist/fo
nts/type1/public/lm/lmmi12.pfb></usr/local/texlive/2025/texmf-dist/fonts/type1/
public/lm/lmr10.pfb></usr/local/texlive/2025/texmf-dist/fonts/type1/public/lm/l
mr12.pfb></usr/local/texlive/2025/texmf-dist/fonts/type1/public/lm/lmr6.pfb></u
sr/local/texlive/2025/texmf-dist/fonts/type1/public/lm/lmr8.pfb></usr/local/tex
live/2025/texmf-dist/fonts/type1/public/lm/lmri10.pfb></usr/local/texlive/2025/
texmf-dist/fonts/type1/public/lm/lmri12.pfb></usr/local/texlive/2025/texmf-dist
/fonts/type1/public/lm/lmsy10.pfb></usr/local/texlive/2025/texmf-dist/fonts/typ
e1/public/lm/lmtk10.pfb></usr/local/texlive/2025/texmf-dist/fonts/type1/public/
lm/lmtt10.pfb></usr/local/texlive/2025/texmf-dist/fonts/type1/public/lm/lmtt9.p
fb></usr/local/texlive/2025/texmf-dist/fonts/type1/public/lm/lmtti10.pfb>
Output written on book.pdf (140 pages, 912542 bytes).
PDF statistics:
 4206 PDF objects out of 4296 (max. 8388607)
 3987 compressed objects within 40 object streams
 2155 named destinations out of 2487 (max. 500000)
 66517 words of extra memory for PDF output out of 74296 (max. 10000000)

